<?xml version="1.0" encoding="UTF-8"?>
<testsuite name="net.openhft.hashing.XxHashTest" tests="2050" skipped="0" failures="0" errors="0" timestamp="2017-09-12T05:30:46" hostname="PEPPER" time="0.691">
  <properties/>
  <testcase name="testCityWithoutSeeds[0]" classname="net.openhft.hashing.XxHashTest" time="0.001"/>
  <testcase name="testCityWithOneSeed[0]" classname="net.openhft.hashing.XxHashTest" time="0.002"/>
  <testcase name="testCityWithoutSeeds[1]" classname="net.openhft.hashing.XxHashTest" time="0.0"/>
  <testcase name="testCityWithOneSeed[1]" classname="net.openhft.hashing.XxHashTest" time="0.001"/>
  <testcase name="testCityWithoutSeeds[2]" classname="net.openhft.hashing.XxHashTest" time="0.0"/>
  <testcase name="testCityWithOneSeed[2]" classname="net.openhft.hashing.XxHashTest" time="0.001"/>
  <testcase name="testCityWithoutSeeds[3]" classname="net.openhft.hashing.XxHashTest" time="0.0"/>
  <testcase name="testCityWithOneSeed[3]" classname="net.openhft.hashing.XxHashTest" time="0.0"/>
  <testcase name="testCityWithoutSeeds[4]" classname="net.openhft.hashing.XxHashTest" time="0.0"/>
  <testcase name="testCityWithOneSeed[4]" classname="net.openhft.hashing.XxHashTest" time="0.001"/>
  <testcase name="testCityWithoutSeeds[5]" classname="net.openhft.hashing.XxHashTest" time="0.0"/>
  <testcase name="testCityWithOneSeed[5]" classname="net.openhft.hashing.XxHashTest" time="0.0"/>
  <testcase name="testCityWithoutSeeds[6]" classname="net.openhft.hashing.XxHashTest" time="0.0"/>
  <testcase name="testCityWithOneSeed[6]" classname="net.openhft.hashing.XxHashTest" time="0.0"/>
  <testcase name="testCityWithoutSeeds[7]" classname="net.openhft.hashing.XxHashTest" time="0.0"/>
  <testcase name="testCityWithOneSeed[7]" classname="net.openhft.hashing.XxHashTest" time="0.0"/>
  <testcase name="testCityWithoutSeeds[8]" classname="net.openhft.hashing.XxHashTest" time="0.0"/>
  <testcase name="testCityWithOneSeed[8]" classname="net.openhft.hashing.XxHashTest" time="0.0"/>
  <testcase name="testCityWithoutSeeds[9]" classname="net.openhft.hashing.XxHashTest" time="0.0"/>
  <testcase name="testCityWithOneSeed[9]" classname="net.openhft.hashing.XxHashTest" time="0.0"/>
  <testcase name="testCityWithoutSeeds[10]" classname="net.openhft.hashing.XxHashTest" time="0.0"/>
  <testcase name="testCityWithOneSeed[10]" classname="net.openhft.hashing.XxHashTest" time="0.001"/>
  <testcase name="testCityWithoutSeeds[11]" classname="net.openhft.hashing.XxHashTest" time="0.0"/>
  <testcase name="testCityWithOneSeed[11]" classname="net.openhft.hashing.XxHashTest" time="0.0"/>
  <testcase name="testCityWithoutSeeds[12]" classname="net.openhft.hashing.XxHashTest" time="0.0"/>
  <testcase name="testCityWithOneSeed[12]" classname="net.openhft.hashing.XxHashTest" time="0.0"/>
  <testcase name="testCityWithoutSeeds[13]" classname="net.openhft.hashing.XxHashTest" time="0.001"/>
  <testcase name="testCityWithOneSeed[13]" classname="net.openhft.hashing.XxHashTest" time="0.0"/>
  <testcase name="testCityWithoutSeeds[14]" classname="net.openhft.hashing.XxHashTest" time="0.0"/>
  <testcase name="testCityWithOneSeed[14]" classname="net.openhft.hashing.XxHashTest" time="0.0"/>
  <testcase name="testCityWithoutSeeds[15]" classname="net.openhft.hashing.XxHashTest" time="0.001"/>
  <testcase name="testCityWithOneSeed[15]" classname="net.openhft.hashing.XxHashTest" time="0.0"/>
  <testcase name="testCityWithoutSeeds[16]" classname="net.openhft.hashing.XxHashTest" time="0.0"/>
  <testcase name="testCityWithOneSeed[16]" classname="net.openhft.hashing.XxHashTest" time="0.0"/>
  <testcase name="testCityWithoutSeeds[17]" classname="net.openhft.hashing.XxHashTest" time="0.0"/>
  <testcase name="testCityWithOneSeed[17]" classname="net.openhft.hashing.XxHashTest" time="0.0"/>
  <testcase name="testCityWithoutSeeds[18]" classname="net.openhft.hashing.XxHashTest" time="0.0"/>
  <testcase name="testCityWithOneSeed[18]" classname="net.openhft.hashing.XxHashTest" time="0.0"/>
  <testcase name="testCityWithoutSeeds[19]" classname="net.openhft.hashing.XxHashTest" time="0.0"/>
  <testcase name="testCityWithOneSeed[19]" classname="net.openhft.hashing.XxHashTest" time="0.0"/>
  <testcase name="testCityWithoutSeeds[20]" classname="net.openhft.hashing.XxHashTest" time="0.0"/>
  <testcase name="testCityWithOneSeed[20]" classname="net.openhft.hashing.XxHashTest" time="0.0"/>
  <testcase name="testCityWithoutSeeds[21]" classname="net.openhft.hashing.XxHashTest" time="0.0"/>
  <testcase name="testCityWithOneSeed[21]" classname="net.openhft.hashing.XxHashTest" time="0.0"/>
  <testcase name="testCityWithoutSeeds[22]" classname="net.openhft.hashing.XxHashTest" time="0.0"/>
  <testcase name="testCityWithOneSeed[22]" classname="net.openhft.hashing.XxHashTest" time="0.0"/>
  <testcase name="testCityWithoutSeeds[23]" classname="net.openhft.hashing.XxHashTest" time="0.0"/>
  <testcase name="testCityWithOneSeed[23]" classname="net.openhft.hashing.XxHashTest" time="0.0"/>
  <testcase name="testCityWithoutSeeds[24]" classname="net.openhft.hashing.XxHashTest" time="0.0"/>
  <testcase name="testCityWithOneSeed[24]" classname="net.openhft.hashing.XxHashTest" time="0.0"/>
  <testcase name="testCityWithoutSeeds[25]" classname="net.openhft.hashing.XxHashTest" time="0.0"/>
  <testcase name="testCityWithOneSeed[25]" classname="net.openhft.hashing.XxHashTest" time="0.0"/>
  <testcase name="testCityWithoutSeeds[26]" classname="net.openhft.hashing.XxHashTest" time="0.0"/>
  <testcase name="testCityWithOneSeed[26]" classname="net.openhft.hashing.XxHashTest" time="0.0"/>
  <testcase name="testCityWithoutSeeds[27]" classname="net.openhft.hashing.XxHashTest" time="0.0"/>
  <testcase name="testCityWithOneSeed[27]" classname="net.openhft.hashing.XxHashTest" time="0.0"/>
  <testcase name="testCityWithoutSeeds[28]" classname="net.openhft.hashing.XxHashTest" time="0.0"/>
  <testcase name="testCityWithOneSeed[28]" classname="net.openhft.hashing.XxHashTest" time="0.0"/>
  <testcase name="testCityWithoutSeeds[29]" classname="net.openhft.hashing.XxHashTest" time="0.0"/>
  <testcase name="testCityWithOneSeed[29]" classname="net.openhft.hashing.XxHashTest" time="0.0"/>
  <testcase name="testCityWithoutSeeds[30]" classname="net.openhft.hashing.XxHashTest" time="0.0"/>
  <testcase name="testCityWithOneSeed[30]" classname="net.openhft.hashing.XxHashTest" time="0.0"/>
  <testcase name="testCityWithoutSeeds[31]" classname="net.openhft.hashing.XxHashTest" time="0.0"/>
  <testcase name="testCityWithOneSeed[31]" classname="net.openhft.hashing.XxHashTest" time="0.0"/>
  <testcase name="testCityWithoutSeeds[32]" classname="net.openhft.hashing.XxHashTest" time="0.0"/>
  <testcase name="testCityWithOneSeed[32]" classname="net.openhft.hashing.XxHashTest" time="0.0"/>
  <testcase name="testCityWithoutSeeds[33]" classname="net.openhft.hashing.XxHashTest" time="0.0"/>
  <testcase name="testCityWithOneSeed[33]" classname="net.openhft.hashing.XxHashTest" time="0.0"/>
  <testcase name="testCityWithoutSeeds[34]" classname="net.openhft.hashing.XxHashTest" time="0.0"/>
  <testcase name="testCityWithOneSeed[34]" classname="net.openhft.hashing.XxHashTest" time="0.0"/>
  <testcase name="testCityWithoutSeeds[35]" classname="net.openhft.hashing.XxHashTest" time="0.0"/>
  <testcase name="testCityWithOneSeed[35]" classname="net.openhft.hashing.XxHashTest" time="0.001"/>
  <testcase name="testCityWithoutSeeds[36]" classname="net.openhft.hashing.XxHashTest" time="0.0"/>
  <testcase name="testCityWithOneSeed[36]" classname="net.openhft.hashing.XxHashTest" time="0.0"/>
  <testcase name="testCityWithoutSeeds[37]" classname="net.openhft.hashing.XxHashTest" time="0.0"/>
  <testcase name="testCityWithOneSeed[37]" classname="net.openhft.hashing.XxHashTest" time="0.0"/>
  <testcase name="testCityWithoutSeeds[38]" classname="net.openhft.hashing.XxHashTest" time="0.0"/>
  <testcase name="testCityWithOneSeed[38]" classname="net.openhft.hashing.XxHashTest" time="0.0"/>
  <testcase name="testCityWithoutSeeds[39]" classname="net.openhft.hashing.XxHashTest" time="0.0"/>
  <testcase name="testCityWithOneSeed[39]" classname="net.openhft.hashing.XxHashTest" time="0.0"/>
  <testcase name="testCityWithoutSeeds[40]" classname="net.openhft.hashing.XxHashTest" time="0.0"/>
  <testcase name="testCityWithOneSeed[40]" classname="net.openhft.hashing.XxHashTest" time="0.0"/>
  <testcase name="testCityWithoutSeeds[41]" classname="net.openhft.hashing.XxHashTest" time="0.0"/>
  <testcase name="testCityWithOneSeed[41]" classname="net.openhft.hashing.XxHashTest" time="0.0"/>
  <testcase name="testCityWithoutSeeds[42]" classname="net.openhft.hashing.XxHashTest" time="0.0"/>
  <testcase name="testCityWithOneSeed[42]" classname="net.openhft.hashing.XxHashTest" time="0.0"/>
  <testcase name="testCityWithoutSeeds[43]" classname="net.openhft.hashing.XxHashTest" time="0.0"/>
  <testcase name="testCityWithOneSeed[43]" classname="net.openhft.hashing.XxHashTest" time="0.001"/>
  <testcase name="testCityWithoutSeeds[44]" classname="net.openhft.hashing.XxHashTest" time="0.0"/>
  <testcase name="testCityWithOneSeed[44]" classname="net.openhft.hashing.XxHashTest" time="0.0"/>
  <testcase name="testCityWithoutSeeds[45]" classname="net.openhft.hashing.XxHashTest" time="0.0"/>
  <testcase name="testCityWithOneSeed[45]" classname="net.openhft.hashing.XxHashTest" time="0.0"/>
  <testcase name="testCityWithoutSeeds[46]" classname="net.openhft.hashing.XxHashTest" time="0.001"/>
  <testcase name="testCityWithOneSeed[46]" classname="net.openhft.hashing.XxHashTest" time="0.0"/>
  <testcase name="testCityWithoutSeeds[47]" classname="net.openhft.hashing.XxHashTest" time="0.0"/>
  <testcase name="testCityWithOneSeed[47]" classname="net.openhft.hashing.XxHashTest" time="0.0"/>
  <testcase name="testCityWithoutSeeds[48]" classname="net.openhft.hashing.XxHashTest" time="0.0"/>
  <testcase name="testCityWithOneSeed[48]" classname="net.openhft.hashing.XxHashTest" time="0.001"/>
  <testcase name="testCityWithoutSeeds[49]" classname="net.openhft.hashing.XxHashTest" time="0.0"/>
  <testcase name="testCityWithOneSeed[49]" classname="net.openhft.hashing.XxHashTest" time="0.0"/>
  <testcase name="testCityWithoutSeeds[50]" classname="net.openhft.hashing.XxHashTest" time="0.001"/>
  <testcase name="testCityWithOneSeed[50]" classname="net.openhft.hashing.XxHashTest" time="0.0"/>
  <testcase name="testCityWithoutSeeds[51]" classname="net.openhft.hashing.XxHashTest" time="0.0"/>
  <testcase name="testCityWithOneSeed[51]" classname="net.openhft.hashing.XxHashTest" time="0.0"/>
  <testcase name="testCityWithoutSeeds[52]" classname="net.openhft.hashing.XxHashTest" time="0.0"/>
  <testcase name="testCityWithOneSeed[52]" classname="net.openhft.hashing.XxHashTest" time="0.0"/>
  <testcase name="testCityWithoutSeeds[53]" classname="net.openhft.hashing.XxHashTest" time="0.0"/>
  <testcase name="testCityWithOneSeed[53]" classname="net.openhft.hashing.XxHashTest" time="0.001"/>
  <testcase name="testCityWithoutSeeds[54]" classname="net.openhft.hashing.XxHashTest" time="0.0"/>
  <testcase name="testCityWithOneSeed[54]" classname="net.openhft.hashing.XxHashTest" time="0.0"/>
  <testcase name="testCityWithoutSeeds[55]" classname="net.openhft.hashing.XxHashTest" time="0.0"/>
  <testcase name="testCityWithOneSeed[55]" classname="net.openhft.hashing.XxHashTest" time="0.0"/>
  <testcase name="testCityWithoutSeeds[56]" classname="net.openhft.hashing.XxHashTest" time="0.0"/>
  <testcase name="testCityWithOneSeed[56]" classname="net.openhft.hashing.XxHashTest" time="0.0"/>
  <testcase name="testCityWithoutSeeds[57]" classname="net.openhft.hashing.XxHashTest" time="0.0"/>
  <testcase name="testCityWithOneSeed[57]" classname="net.openhft.hashing.XxHashTest" time="0.0"/>
  <testcase name="testCityWithoutSeeds[58]" classname="net.openhft.hashing.XxHashTest" time="0.0"/>
  <testcase name="testCityWithOneSeed[58]" classname="net.openhft.hashing.XxHashTest" time="0.0"/>
  <testcase name="testCityWithoutSeeds[59]" classname="net.openhft.hashing.XxHashTest" time="0.0"/>
  <testcase name="testCityWithOneSeed[59]" classname="net.openhft.hashing.XxHashTest" time="0.001"/>
  <testcase name="testCityWithoutSeeds[60]" classname="net.openhft.hashing.XxHashTest" time="0.0"/>
  <testcase name="testCityWithOneSeed[60]" classname="net.openhft.hashing.XxHashTest" time="0.0"/>
  <testcase name="testCityWithoutSeeds[61]" classname="net.openhft.hashing.XxHashTest" time="0.0"/>
  <testcase name="testCityWithOneSeed[61]" classname="net.openhft.hashing.XxHashTest" time="0.0"/>
  <testcase name="testCityWithoutSeeds[62]" classname="net.openhft.hashing.XxHashTest" time="0.0"/>
  <testcase name="testCityWithOneSeed[62]" classname="net.openhft.hashing.XxHashTest" time="0.0"/>
  <testcase name="testCityWithoutSeeds[63]" classname="net.openhft.hashing.XxHashTest" time="0.0"/>
  <testcase name="testCityWithOneSeed[63]" classname="net.openhft.hashing.XxHashTest" time="0.0"/>
  <testcase name="testCityWithoutSeeds[64]" classname="net.openhft.hashing.XxHashTest" time="0.0"/>
  <testcase name="testCityWithOneSeed[64]" classname="net.openhft.hashing.XxHashTest" time="0.0"/>
  <testcase name="testCityWithoutSeeds[65]" classname="net.openhft.hashing.XxHashTest" time="0.0"/>
  <testcase name="testCityWithOneSeed[65]" classname="net.openhft.hashing.XxHashTest" time="0.0"/>
  <testcase name="testCityWithoutSeeds[66]" classname="net.openhft.hashing.XxHashTest" time="0.0"/>
  <testcase name="testCityWithOneSeed[66]" classname="net.openhft.hashing.XxHashTest" time="0.0"/>
  <testcase name="testCityWithoutSeeds[67]" classname="net.openhft.hashing.XxHashTest" time="0.0"/>
  <testcase name="testCityWithOneSeed[67]" classname="net.openhft.hashing.XxHashTest" time="0.0"/>
  <testcase name="testCityWithoutSeeds[68]" classname="net.openhft.hashing.XxHashTest" time="0.0"/>
  <testcase name="testCityWithOneSeed[68]" classname="net.openhft.hashing.XxHashTest" time="0.0"/>
  <testcase name="testCityWithoutSeeds[69]" classname="net.openhft.hashing.XxHashTest" time="0.0"/>
  <testcase name="testCityWithOneSeed[69]" classname="net.openhft.hashing.XxHashTest" time="0.0"/>
  <testcase name="testCityWithoutSeeds[70]" classname="net.openhft.hashing.XxHashTest" time="0.0"/>
  <testcase name="testCityWithOneSeed[70]" classname="net.openhft.hashing.XxHashTest" time="0.0"/>
  <testcase name="testCityWithoutSeeds[71]" classname="net.openhft.hashing.XxHashTest" time="0.0"/>
  <testcase name="testCityWithOneSeed[71]" classname="net.openhft.hashing.XxHashTest" time="0.0"/>
  <testcase name="testCityWithoutSeeds[72]" classname="net.openhft.hashing.XxHashTest" time="0.0"/>
  <testcase name="testCityWithOneSeed[72]" classname="net.openhft.hashing.XxHashTest" time="0.0"/>
  <testcase name="testCityWithoutSeeds[73]" classname="net.openhft.hashing.XxHashTest" time="0.0"/>
  <testcase name="testCityWithOneSeed[73]" classname="net.openhft.hashing.XxHashTest" time="0.0"/>
  <testcase name="testCityWithoutSeeds[74]" classname="net.openhft.hashing.XxHashTest" time="0.0"/>
  <testcase name="testCityWithOneSeed[74]" classname="net.openhft.hashing.XxHashTest" time="0.0"/>
  <testcase name="testCityWithoutSeeds[75]" classname="net.openhft.hashing.XxHashTest" time="0.0"/>
  <testcase name="testCityWithOneSeed[75]" classname="net.openhft.hashing.XxHashTest" time="0.0"/>
  <testcase name="testCityWithoutSeeds[76]" classname="net.openhft.hashing.XxHashTest" time="0.0"/>
  <testcase name="testCityWithOneSeed[76]" classname="net.openhft.hashing.XxHashTest" time="0.0"/>
  <testcase name="testCityWithoutSeeds[77]" classname="net.openhft.hashing.XxHashTest" time="0.001"/>
  <testcase name="testCityWithOneSeed[77]" classname="net.openhft.hashing.XxHashTest" time="0.0"/>
  <testcase name="testCityWithoutSeeds[78]" classname="net.openhft.hashing.XxHashTest" time="0.0"/>
  <testcase name="testCityWithOneSeed[78]" classname="net.openhft.hashing.XxHashTest" time="0.0"/>
  <testcase name="testCityWithoutSeeds[79]" classname="net.openhft.hashing.XxHashTest" time="0.0"/>
  <testcase name="testCityWithOneSeed[79]" classname="net.openhft.hashing.XxHashTest" time="0.0"/>
  <testcase name="testCityWithoutSeeds[80]" classname="net.openhft.hashing.XxHashTest" time="0.0"/>
  <testcase name="testCityWithOneSeed[80]" classname="net.openhft.hashing.XxHashTest" time="0.0"/>
  <testcase name="testCityWithoutSeeds[81]" classname="net.openhft.hashing.XxHashTest" time="0.0"/>
  <testcase name="testCityWithOneSeed[81]" classname="net.openhft.hashing.XxHashTest" time="0.0"/>
  <testcase name="testCityWithoutSeeds[82]" classname="net.openhft.hashing.XxHashTest" time="0.0"/>
  <testcase name="testCityWithOneSeed[82]" classname="net.openhft.hashing.XxHashTest" time="0.0"/>
  <testcase name="testCityWithoutSeeds[83]" classname="net.openhft.hashing.XxHashTest" time="0.0"/>
  <testcase name="testCityWithOneSeed[83]" classname="net.openhft.hashing.XxHashTest" time="0.0"/>
  <testcase name="testCityWithoutSeeds[84]" classname="net.openhft.hashing.XxHashTest" time="0.0"/>
  <testcase name="testCityWithOneSeed[84]" classname="net.openhft.hashing.XxHashTest" time="0.0"/>
  <testcase name="testCityWithoutSeeds[85]" classname="net.openhft.hashing.XxHashTest" time="0.0"/>
  <testcase name="testCityWithOneSeed[85]" classname="net.openhft.hashing.XxHashTest" time="0.0"/>
  <testcase name="testCityWithoutSeeds[86]" classname="net.openhft.hashing.XxHashTest" time="0.001"/>
  <testcase name="testCityWithOneSeed[86]" classname="net.openhft.hashing.XxHashTest" time="0.0"/>
  <testcase name="testCityWithoutSeeds[87]" classname="net.openhft.hashing.XxHashTest" time="0.0"/>
  <testcase name="testCityWithOneSeed[87]" classname="net.openhft.hashing.XxHashTest" time="0.0"/>
  <testcase name="testCityWithoutSeeds[88]" classname="net.openhft.hashing.XxHashTest" time="0.0"/>
  <testcase name="testCityWithOneSeed[88]" classname="net.openhft.hashing.XxHashTest" time="0.0"/>
  <testcase name="testCityWithoutSeeds[89]" classname="net.openhft.hashing.XxHashTest" time="0.0"/>
  <testcase name="testCityWithOneSeed[89]" classname="net.openhft.hashing.XxHashTest" time="0.0"/>
  <testcase name="testCityWithoutSeeds[90]" classname="net.openhft.hashing.XxHashTest" time="0.0"/>
  <testcase name="testCityWithOneSeed[90]" classname="net.openhft.hashing.XxHashTest" time="0.0"/>
  <testcase name="testCityWithoutSeeds[91]" classname="net.openhft.hashing.XxHashTest" time="0.0"/>
  <testcase name="testCityWithOneSeed[91]" classname="net.openhft.hashing.XxHashTest" time="0.0"/>
  <testcase name="testCityWithoutSeeds[92]" classname="net.openhft.hashing.XxHashTest" time="0.0"/>
  <testcase name="testCityWithOneSeed[92]" classname="net.openhft.hashing.XxHashTest" time="0.0"/>
  <testcase name="testCityWithoutSeeds[93]" classname="net.openhft.hashing.XxHashTest" time="0.0"/>
  <testcase name="testCityWithOneSeed[93]" classname="net.openhft.hashing.XxHashTest" time="0.0"/>
  <testcase name="testCityWithoutSeeds[94]" classname="net.openhft.hashing.XxHashTest" time="0.001"/>
  <testcase name="testCityWithOneSeed[94]" classname="net.openhft.hashing.XxHashTest" time="0.0"/>
  <testcase name="testCityWithoutSeeds[95]" classname="net.openhft.hashing.XxHashTest" time="0.0"/>
  <testcase name="testCityWithOneSeed[95]" classname="net.openhft.hashing.XxHashTest" time="0.0"/>
  <testcase name="testCityWithoutSeeds[96]" classname="net.openhft.hashing.XxHashTest" time="0.0"/>
  <testcase name="testCityWithOneSeed[96]" classname="net.openhft.hashing.XxHashTest" time="0.0"/>
  <testcase name="testCityWithoutSeeds[97]" classname="net.openhft.hashing.XxHashTest" time="0.0"/>
  <testcase name="testCityWithOneSeed[97]" classname="net.openhft.hashing.XxHashTest" time="0.0"/>
  <testcase name="testCityWithoutSeeds[98]" classname="net.openhft.hashing.XxHashTest" time="0.0"/>
  <testcase name="testCityWithOneSeed[98]" classname="net.openhft.hashing.XxHashTest" time="0.001"/>
  <testcase name="testCityWithoutSeeds[99]" classname="net.openhft.hashing.XxHashTest" time="0.0"/>
  <testcase name="testCityWithOneSeed[99]" classname="net.openhft.hashing.XxHashTest" time="0.0"/>
  <testcase name="testCityWithoutSeeds[100]" classname="net.openhft.hashing.XxHashTest" time="0.0"/>
  <testcase name="testCityWithOneSeed[100]" classname="net.openhft.hashing.XxHashTest" time="0.0"/>
  <testcase name="testCityWithoutSeeds[101]" classname="net.openhft.hashing.XxHashTest" time="0.001"/>
  <testcase name="testCityWithOneSeed[101]" classname="net.openhft.hashing.XxHashTest" time="0.001"/>
  <testcase name="testCityWithoutSeeds[102]" classname="net.openhft.hashing.XxHashTest" time="0.0"/>
  <testcase name="testCityWithOneSeed[102]" classname="net.openhft.hashing.XxHashTest" time="0.0"/>
  <testcase name="testCityWithoutSeeds[103]" classname="net.openhft.hashing.XxHashTest" time="0.0"/>
  <testcase name="testCityWithOneSeed[103]" classname="net.openhft.hashing.XxHashTest" time="0.0"/>
  <testcase name="testCityWithoutSeeds[104]" classname="net.openhft.hashing.XxHashTest" time="0.0"/>
  <testcase name="testCityWithOneSeed[104]" classname="net.openhft.hashing.XxHashTest" time="0.0"/>
  <testcase name="testCityWithoutSeeds[105]" classname="net.openhft.hashing.XxHashTest" time="0.0"/>
  <testcase name="testCityWithOneSeed[105]" classname="net.openhft.hashing.XxHashTest" time="0.0"/>
  <testcase name="testCityWithoutSeeds[106]" classname="net.openhft.hashing.XxHashTest" time="0.0"/>
  <testcase name="testCityWithOneSeed[106]" classname="net.openhft.hashing.XxHashTest" time="0.0"/>
  <testcase name="testCityWithoutSeeds[107]" classname="net.openhft.hashing.XxHashTest" time="0.0"/>
  <testcase name="testCityWithOneSeed[107]" classname="net.openhft.hashing.XxHashTest" time="0.0"/>
  <testcase name="testCityWithoutSeeds[108]" classname="net.openhft.hashing.XxHashTest" time="0.0"/>
  <testcase name="testCityWithOneSeed[108]" classname="net.openhft.hashing.XxHashTest" time="0.0"/>
  <testcase name="testCityWithoutSeeds[109]" classname="net.openhft.hashing.XxHashTest" time="0.0"/>
  <testcase name="testCityWithOneSeed[109]" classname="net.openhft.hashing.XxHashTest" time="0.0"/>
  <testcase name="testCityWithoutSeeds[110]" classname="net.openhft.hashing.XxHashTest" time="0.0"/>
  <testcase name="testCityWithOneSeed[110]" classname="net.openhft.hashing.XxHashTest" time="0.0"/>
  <testcase name="testCityWithoutSeeds[111]" classname="net.openhft.hashing.XxHashTest" time="0.0"/>
  <testcase name="testCityWithOneSeed[111]" classname="net.openhft.hashing.XxHashTest" time="0.0"/>
  <testcase name="testCityWithoutSeeds[112]" classname="net.openhft.hashing.XxHashTest" time="0.001"/>
  <testcase name="testCityWithOneSeed[112]" classname="net.openhft.hashing.XxHashTest" time="0.0"/>
  <testcase name="testCityWithoutSeeds[113]" classname="net.openhft.hashing.XxHashTest" time="0.0"/>
  <testcase name="testCityWithOneSeed[113]" classname="net.openhft.hashing.XxHashTest" time="0.0"/>
  <testcase name="testCityWithoutSeeds[114]" classname="net.openhft.hashing.XxHashTest" time="0.0"/>
  <testcase name="testCityWithOneSeed[114]" classname="net.openhft.hashing.XxHashTest" time="0.023"/>
  <testcase name="testCityWithoutSeeds[115]" classname="net.openhft.hashing.XxHashTest" time="0.0"/>
  <testcase name="testCityWithOneSeed[115]" classname="net.openhft.hashing.XxHashTest" time="0.0"/>
  <testcase name="testCityWithoutSeeds[116]" classname="net.openhft.hashing.XxHashTest" time="0.003"/>
  <testcase name="testCityWithOneSeed[116]" classname="net.openhft.hashing.XxHashTest" time="0.0"/>
  <testcase name="testCityWithoutSeeds[117]" classname="net.openhft.hashing.XxHashTest" time="0.0"/>
  <testcase name="testCityWithOneSeed[117]" classname="net.openhft.hashing.XxHashTest" time="0.0"/>
  <testcase name="testCityWithoutSeeds[118]" classname="net.openhft.hashing.XxHashTest" time="0.0"/>
  <testcase name="testCityWithOneSeed[118]" classname="net.openhft.hashing.XxHashTest" time="0.0"/>
  <testcase name="testCityWithoutSeeds[119]" classname="net.openhft.hashing.XxHashTest" time="0.0"/>
  <testcase name="testCityWithOneSeed[119]" classname="net.openhft.hashing.XxHashTest" time="0.0"/>
  <testcase name="testCityWithoutSeeds[120]" classname="net.openhft.hashing.XxHashTest" time="0.0"/>
  <testcase name="testCityWithOneSeed[120]" classname="net.openhft.hashing.XxHashTest" time="0.001"/>
  <testcase name="testCityWithoutSeeds[121]" classname="net.openhft.hashing.XxHashTest" time="0.0"/>
  <testcase name="testCityWithOneSeed[121]" classname="net.openhft.hashing.XxHashTest" time="0.0"/>
  <testcase name="testCityWithoutSeeds[122]" classname="net.openhft.hashing.XxHashTest" time="0.0"/>
  <testcase name="testCityWithOneSeed[122]" classname="net.openhft.hashing.XxHashTest" time="0.001"/>
  <testcase name="testCityWithoutSeeds[123]" classname="net.openhft.hashing.XxHashTest" time="0.0"/>
  <testcase name="testCityWithOneSeed[123]" classname="net.openhft.hashing.XxHashTest" time="0.0"/>
  <testcase name="testCityWithoutSeeds[124]" classname="net.openhft.hashing.XxHashTest" time="0.0"/>
  <testcase name="testCityWithOneSeed[124]" classname="net.openhft.hashing.XxHashTest" time="0.001"/>
  <testcase name="testCityWithoutSeeds[125]" classname="net.openhft.hashing.XxHashTest" time="0.0"/>
  <testcase name="testCityWithOneSeed[125]" classname="net.openhft.hashing.XxHashTest" time="0.0"/>
  <testcase name="testCityWithoutSeeds[126]" classname="net.openhft.hashing.XxHashTest" time="0.0"/>
  <testcase name="testCityWithOneSeed[126]" classname="net.openhft.hashing.XxHashTest" time="0.0"/>
  <testcase name="testCityWithoutSeeds[127]" classname="net.openhft.hashing.XxHashTest" time="0.001"/>
  <testcase name="testCityWithOneSeed[127]" classname="net.openhft.hashing.XxHashTest" time="0.0"/>
  <testcase name="testCityWithoutSeeds[128]" classname="net.openhft.hashing.XxHashTest" time="0.0"/>
  <testcase name="testCityWithOneSeed[128]" classname="net.openhft.hashing.XxHashTest" time="0.001"/>
  <testcase name="testCityWithoutSeeds[129]" classname="net.openhft.hashing.XxHashTest" time="0.0"/>
  <testcase name="testCityWithOneSeed[129]" classname="net.openhft.hashing.XxHashTest" time="0.0"/>
  <testcase name="testCityWithoutSeeds[130]" classname="net.openhft.hashing.XxHashTest" time="0.0"/>
  <testcase name="testCityWithOneSeed[130]" classname="net.openhft.hashing.XxHashTest" time="0.0"/>
  <testcase name="testCityWithoutSeeds[131]" classname="net.openhft.hashing.XxHashTest" time="0.002"/>
  <testcase name="testCityWithOneSeed[131]" classname="net.openhft.hashing.XxHashTest" time="0.0"/>
  <testcase name="testCityWithoutSeeds[132]" classname="net.openhft.hashing.XxHashTest" time="0.001"/>
  <testcase name="testCityWithOneSeed[132]" classname="net.openhft.hashing.XxHashTest" time="0.0"/>
  <testcase name="testCityWithoutSeeds[133]" classname="net.openhft.hashing.XxHashTest" time="0.0"/>
  <testcase name="testCityWithOneSeed[133]" classname="net.openhft.hashing.XxHashTest" time="0.0"/>
  <testcase name="testCityWithoutSeeds[134]" classname="net.openhft.hashing.XxHashTest" time="0.0"/>
  <testcase name="testCityWithOneSeed[134]" classname="net.openhft.hashing.XxHashTest" time="0.0"/>
  <testcase name="testCityWithoutSeeds[135]" classname="net.openhft.hashing.XxHashTest" time="0.0"/>
  <testcase name="testCityWithOneSeed[135]" classname="net.openhft.hashing.XxHashTest" time="0.0"/>
  <testcase name="testCityWithoutSeeds[136]" classname="net.openhft.hashing.XxHashTest" time="0.001"/>
  <testcase name="testCityWithOneSeed[136]" classname="net.openhft.hashing.XxHashTest" time="0.0"/>
  <testcase name="testCityWithoutSeeds[137]" classname="net.openhft.hashing.XxHashTest" time="0.0"/>
  <testcase name="testCityWithOneSeed[137]" classname="net.openhft.hashing.XxHashTest" time="0.0"/>
  <testcase name="testCityWithoutSeeds[138]" classname="net.openhft.hashing.XxHashTest" time="0.0"/>
  <testcase name="testCityWithOneSeed[138]" classname="net.openhft.hashing.XxHashTest" time="0.0"/>
  <testcase name="testCityWithoutSeeds[139]" classname="net.openhft.hashing.XxHashTest" time="0.0"/>
  <testcase name="testCityWithOneSeed[139]" classname="net.openhft.hashing.XxHashTest" time="0.0"/>
  <testcase name="testCityWithoutSeeds[140]" classname="net.openhft.hashing.XxHashTest" time="0.0"/>
  <testcase name="testCityWithOneSeed[140]" classname="net.openhft.hashing.XxHashTest" time="0.0"/>
  <testcase name="testCityWithoutSeeds[141]" classname="net.openhft.hashing.XxHashTest" time="0.0"/>
  <testcase name="testCityWithOneSeed[141]" classname="net.openhft.hashing.XxHashTest" time="0.0"/>
  <testcase name="testCityWithoutSeeds[142]" classname="net.openhft.hashing.XxHashTest" time="0.0"/>
  <testcase name="testCityWithOneSeed[142]" classname="net.openhft.hashing.XxHashTest" time="0.0"/>
  <testcase name="testCityWithoutSeeds[143]" classname="net.openhft.hashing.XxHashTest" time="0.001"/>
  <testcase name="testCityWithOneSeed[143]" classname="net.openhft.hashing.XxHashTest" time="0.0"/>
  <testcase name="testCityWithoutSeeds[144]" classname="net.openhft.hashing.XxHashTest" time="0.0"/>
  <testcase name="testCityWithOneSeed[144]" classname="net.openhft.hashing.XxHashTest" time="0.0"/>
  <testcase name="testCityWithoutSeeds[145]" classname="net.openhft.hashing.XxHashTest" time="0.0"/>
  <testcase name="testCityWithOneSeed[145]" classname="net.openhft.hashing.XxHashTest" time="0.0"/>
  <testcase name="testCityWithoutSeeds[146]" classname="net.openhft.hashing.XxHashTest" time="0.0"/>
  <testcase name="testCityWithOneSeed[146]" classname="net.openhft.hashing.XxHashTest" time="0.0"/>
  <testcase name="testCityWithoutSeeds[147]" classname="net.openhft.hashing.XxHashTest" time="0.0"/>
  <testcase name="testCityWithOneSeed[147]" classname="net.openhft.hashing.XxHashTest" time="0.0"/>
  <testcase name="testCityWithoutSeeds[148]" classname="net.openhft.hashing.XxHashTest" time="0.0"/>
  <testcase name="testCityWithOneSeed[148]" classname="net.openhft.hashing.XxHashTest" time="0.0"/>
  <testcase name="testCityWithoutSeeds[149]" classname="net.openhft.hashing.XxHashTest" time="0.001"/>
  <testcase name="testCityWithOneSeed[149]" classname="net.openhft.hashing.XxHashTest" time="0.0"/>
  <testcase name="testCityWithoutSeeds[150]" classname="net.openhft.hashing.XxHashTest" time="0.0"/>
  <testcase name="testCityWithOneSeed[150]" classname="net.openhft.hashing.XxHashTest" time="0.0"/>
  <testcase name="testCityWithoutSeeds[151]" classname="net.openhft.hashing.XxHashTest" time="0.0"/>
  <testcase name="testCityWithOneSeed[151]" classname="net.openhft.hashing.XxHashTest" time="0.0"/>
  <testcase name="testCityWithoutSeeds[152]" classname="net.openhft.hashing.XxHashTest" time="0.001"/>
  <testcase name="testCityWithOneSeed[152]" classname="net.openhft.hashing.XxHashTest" time="0.0"/>
  <testcase name="testCityWithoutSeeds[153]" classname="net.openhft.hashing.XxHashTest" time="0.0"/>
  <testcase name="testCityWithOneSeed[153]" classname="net.openhft.hashing.XxHashTest" time="0.0"/>
  <testcase name="testCityWithoutSeeds[154]" classname="net.openhft.hashing.XxHashTest" time="0.0"/>
  <testcase name="testCityWithOneSeed[154]" classname="net.openhft.hashing.XxHashTest" time="0.0"/>
  <testcase name="testCityWithoutSeeds[155]" classname="net.openhft.hashing.XxHashTest" time="0.0"/>
  <testcase name="testCityWithOneSeed[155]" classname="net.openhft.hashing.XxHashTest" time="0.0"/>
  <testcase name="testCityWithoutSeeds[156]" classname="net.openhft.hashing.XxHashTest" time="0.0"/>
  <testcase name="testCityWithOneSeed[156]" classname="net.openhft.hashing.XxHashTest" time="0.0"/>
  <testcase name="testCityWithoutSeeds[157]" classname="net.openhft.hashing.XxHashTest" time="0.0"/>
  <testcase name="testCityWithOneSeed[157]" classname="net.openhft.hashing.XxHashTest" time="0.0"/>
  <testcase name="testCityWithoutSeeds[158]" classname="net.openhft.hashing.XxHashTest" time="0.0"/>
  <testcase name="testCityWithOneSeed[158]" classname="net.openhft.hashing.XxHashTest" time="0.0"/>
  <testcase name="testCityWithoutSeeds[159]" classname="net.openhft.hashing.XxHashTest" time="0.0"/>
  <testcase name="testCityWithOneSeed[159]" classname="net.openhft.hashing.XxHashTest" time="0.001"/>
  <testcase name="testCityWithoutSeeds[160]" classname="net.openhft.hashing.XxHashTest" time="0.0"/>
  <testcase name="testCityWithOneSeed[160]" classname="net.openhft.hashing.XxHashTest" time="0.0"/>
  <testcase name="testCityWithoutSeeds[161]" classname="net.openhft.hashing.XxHashTest" time="0.0"/>
  <testcase name="testCityWithOneSeed[161]" classname="net.openhft.hashing.XxHashTest" time="0.0"/>
  <testcase name="testCityWithoutSeeds[162]" classname="net.openhft.hashing.XxHashTest" time="0.0"/>
  <testcase name="testCityWithOneSeed[162]" classname="net.openhft.hashing.XxHashTest" time="0.0"/>
  <testcase name="testCityWithoutSeeds[163]" classname="net.openhft.hashing.XxHashTest" time="0.0"/>
  <testcase name="testCityWithOneSeed[163]" classname="net.openhft.hashing.XxHashTest" time="0.0"/>
  <testcase name="testCityWithoutSeeds[164]" classname="net.openhft.hashing.XxHashTest" time="0.0"/>
  <testcase name="testCityWithOneSeed[164]" classname="net.openhft.hashing.XxHashTest" time="0.0"/>
  <testcase name="testCityWithoutSeeds[165]" classname="net.openhft.hashing.XxHashTest" time="0.0"/>
  <testcase name="testCityWithOneSeed[165]" classname="net.openhft.hashing.XxHashTest" time="0.0"/>
  <testcase name="testCityWithoutSeeds[166]" classname="net.openhft.hashing.XxHashTest" time="0.0"/>
  <testcase name="testCityWithOneSeed[166]" classname="net.openhft.hashing.XxHashTest" time="0.0"/>
  <testcase name="testCityWithoutSeeds[167]" classname="net.openhft.hashing.XxHashTest" time="0.0"/>
  <testcase name="testCityWithOneSeed[167]" classname="net.openhft.hashing.XxHashTest" time="0.001"/>
  <testcase name="testCityWithoutSeeds[168]" classname="net.openhft.hashing.XxHashTest" time="0.0"/>
  <testcase name="testCityWithOneSeed[168]" classname="net.openhft.hashing.XxHashTest" time="0.0"/>
  <testcase name="testCityWithoutSeeds[169]" classname="net.openhft.hashing.XxHashTest" time="0.0"/>
  <testcase name="testCityWithOneSeed[169]" classname="net.openhft.hashing.XxHashTest" time="0.0"/>
  <testcase name="testCityWithoutSeeds[170]" classname="net.openhft.hashing.XxHashTest" time="0.0"/>
  <testcase name="testCityWithOneSeed[170]" classname="net.openhft.hashing.XxHashTest" time="0.0"/>
  <testcase name="testCityWithoutSeeds[171]" classname="net.openhft.hashing.XxHashTest" time="0.0"/>
  <testcase name="testCityWithOneSeed[171]" classname="net.openhft.hashing.XxHashTest" time="0.0"/>
  <testcase name="testCityWithoutSeeds[172]" classname="net.openhft.hashing.XxHashTest" time="0.0"/>
  <testcase name="testCityWithOneSeed[172]" classname="net.openhft.hashing.XxHashTest" time="0.0"/>
  <testcase name="testCityWithoutSeeds[173]" classname="net.openhft.hashing.XxHashTest" time="0.0"/>
  <testcase name="testCityWithOneSeed[173]" classname="net.openhft.hashing.XxHashTest" time="0.0"/>
  <testcase name="testCityWithoutSeeds[174]" classname="net.openhft.hashing.XxHashTest" time="0.0"/>
  <testcase name="testCityWithOneSeed[174]" classname="net.openhft.hashing.XxHashTest" time="0.0"/>
  <testcase name="testCityWithoutSeeds[175]" classname="net.openhft.hashing.XxHashTest" time="0.0"/>
  <testcase name="testCityWithOneSeed[175]" classname="net.openhft.hashing.XxHashTest" time="0.0"/>
  <testcase name="testCityWithoutSeeds[176]" classname="net.openhft.hashing.XxHashTest" time="0.0"/>
  <testcase name="testCityWithOneSeed[176]" classname="net.openhft.hashing.XxHashTest" time="0.0"/>
  <testcase name="testCityWithoutSeeds[177]" classname="net.openhft.hashing.XxHashTest" time="0.0"/>
  <testcase name="testCityWithOneSeed[177]" classname="net.openhft.hashing.XxHashTest" time="0.0"/>
  <testcase name="testCityWithoutSeeds[178]" classname="net.openhft.hashing.XxHashTest" time="0.0"/>
  <testcase name="testCityWithOneSeed[178]" classname="net.openhft.hashing.XxHashTest" time="0.0"/>
  <testcase name="testCityWithoutSeeds[179]" classname="net.openhft.hashing.XxHashTest" time="0.0"/>
  <testcase name="testCityWithOneSeed[179]" classname="net.openhft.hashing.XxHashTest" time="0.0"/>
  <testcase name="testCityWithoutSeeds[180]" classname="net.openhft.hashing.XxHashTest" time="0.0"/>
  <testcase name="testCityWithOneSeed[180]" classname="net.openhft.hashing.XxHashTest" time="0.0"/>
  <testcase name="testCityWithoutSeeds[181]" classname="net.openhft.hashing.XxHashTest" time="0.0"/>
  <testcase name="testCityWithOneSeed[181]" classname="net.openhft.hashing.XxHashTest" time="0.0"/>
  <testcase name="testCityWithoutSeeds[182]" classname="net.openhft.hashing.XxHashTest" time="0.0"/>
  <testcase name="testCityWithOneSeed[182]" classname="net.openhft.hashing.XxHashTest" time="0.001"/>
  <testcase name="testCityWithoutSeeds[183]" classname="net.openhft.hashing.XxHashTest" time="0.0"/>
  <testcase name="testCityWithOneSeed[183]" classname="net.openhft.hashing.XxHashTest" time="0.0"/>
  <testcase name="testCityWithoutSeeds[184]" classname="net.openhft.hashing.XxHashTest" time="0.0"/>
  <testcase name="testCityWithOneSeed[184]" classname="net.openhft.hashing.XxHashTest" time="0.0"/>
  <testcase name="testCityWithoutSeeds[185]" classname="net.openhft.hashing.XxHashTest" time="0.001"/>
  <testcase name="testCityWithOneSeed[185]" classname="net.openhft.hashing.XxHashTest" time="0.0"/>
  <testcase name="testCityWithoutSeeds[186]" classname="net.openhft.hashing.XxHashTest" time="0.0"/>
  <testcase name="testCityWithOneSeed[186]" classname="net.openhft.hashing.XxHashTest" time="0.0"/>
  <testcase name="testCityWithoutSeeds[187]" classname="net.openhft.hashing.XxHashTest" time="0.0"/>
  <testcase name="testCityWithOneSeed[187]" classname="net.openhft.hashing.XxHashTest" time="0.0"/>
  <testcase name="testCityWithoutSeeds[188]" classname="net.openhft.hashing.XxHashTest" time="0.0"/>
  <testcase name="testCityWithOneSeed[188]" classname="net.openhft.hashing.XxHashTest" time="0.0"/>
  <testcase name="testCityWithoutSeeds[189]" classname="net.openhft.hashing.XxHashTest" time="0.0"/>
  <testcase name="testCityWithOneSeed[189]" classname="net.openhft.hashing.XxHashTest" time="0.0"/>
  <testcase name="testCityWithoutSeeds[190]" classname="net.openhft.hashing.XxHashTest" time="0.0"/>
  <testcase name="testCityWithOneSeed[190]" classname="net.openhft.hashing.XxHashTest" time="0.0"/>
  <testcase name="testCityWithoutSeeds[191]" classname="net.openhft.hashing.XxHashTest" time="0.0"/>
  <testcase name="testCityWithOneSeed[191]" classname="net.openhft.hashing.XxHashTest" time="0.0"/>
  <testcase name="testCityWithoutSeeds[192]" classname="net.openhft.hashing.XxHashTest" time="0.0"/>
  <testcase name="testCityWithOneSeed[192]" classname="net.openhft.hashing.XxHashTest" time="0.0"/>
  <testcase name="testCityWithoutSeeds[193]" classname="net.openhft.hashing.XxHashTest" time="0.0"/>
  <testcase name="testCityWithOneSeed[193]" classname="net.openhft.hashing.XxHashTest" time="0.001"/>
  <testcase name="testCityWithoutSeeds[194]" classname="net.openhft.hashing.XxHashTest" time="0.0"/>
  <testcase name="testCityWithOneSeed[194]" classname="net.openhft.hashing.XxHashTest" time="0.0"/>
  <testcase name="testCityWithoutSeeds[195]" classname="net.openhft.hashing.XxHashTest" time="0.0"/>
  <testcase name="testCityWithOneSeed[195]" classname="net.openhft.hashing.XxHashTest" time="0.0"/>
  <testcase name="testCityWithoutSeeds[196]" classname="net.openhft.hashing.XxHashTest" time="0.0"/>
  <testcase name="testCityWithOneSeed[196]" classname="net.openhft.hashing.XxHashTest" time="0.0"/>
  <testcase name="testCityWithoutSeeds[197]" classname="net.openhft.hashing.XxHashTest" time="0.0"/>
  <testcase name="testCityWithOneSeed[197]" classname="net.openhft.hashing.XxHashTest" time="0.0"/>
  <testcase name="testCityWithoutSeeds[198]" classname="net.openhft.hashing.XxHashTest" time="0.0"/>
  <testcase name="testCityWithOneSeed[198]" classname="net.openhft.hashing.XxHashTest" time="0.0"/>
  <testcase name="testCityWithoutSeeds[199]" classname="net.openhft.hashing.XxHashTest" time="0.0"/>
  <testcase name="testCityWithOneSeed[199]" classname="net.openhft.hashing.XxHashTest" time="0.022"/>
  <testcase name="testCityWithoutSeeds[200]" classname="net.openhft.hashing.XxHashTest" time="0.001"/>
  <testcase name="testCityWithOneSeed[200]" classname="net.openhft.hashing.XxHashTest" time="0.0"/>
  <testcase name="testCityWithoutSeeds[201]" classname="net.openhft.hashing.XxHashTest" time="0.0"/>
  <testcase name="testCityWithOneSeed[201]" classname="net.openhft.hashing.XxHashTest" time="0.0"/>
  <testcase name="testCityWithoutSeeds[202]" classname="net.openhft.hashing.XxHashTest" time="0.0"/>
  <testcase name="testCityWithOneSeed[202]" classname="net.openhft.hashing.XxHashTest" time="0.0"/>
  <testcase name="testCityWithoutSeeds[203]" classname="net.openhft.hashing.XxHashTest" time="0.0"/>
  <testcase name="testCityWithOneSeed[203]" classname="net.openhft.hashing.XxHashTest" time="0.0"/>
  <testcase name="testCityWithoutSeeds[204]" classname="net.openhft.hashing.XxHashTest" time="0.001"/>
  <testcase name="testCityWithOneSeed[204]" classname="net.openhft.hashing.XxHashTest" time="0.0"/>
  <testcase name="testCityWithoutSeeds[205]" classname="net.openhft.hashing.XxHashTest" time="0.0"/>
  <testcase name="testCityWithOneSeed[205]" classname="net.openhft.hashing.XxHashTest" time="0.0"/>
  <testcase name="testCityWithoutSeeds[206]" classname="net.openhft.hashing.XxHashTest" time="0.0"/>
  <testcase name="testCityWithOneSeed[206]" classname="net.openhft.hashing.XxHashTest" time="0.0"/>
  <testcase name="testCityWithoutSeeds[207]" classname="net.openhft.hashing.XxHashTest" time="0.0"/>
  <testcase name="testCityWithOneSeed[207]" classname="net.openhft.hashing.XxHashTest" time="0.0"/>
  <testcase name="testCityWithoutSeeds[208]" classname="net.openhft.hashing.XxHashTest" time="0.0"/>
  <testcase name="testCityWithOneSeed[208]" classname="net.openhft.hashing.XxHashTest" time="0.0"/>
  <testcase name="testCityWithoutSeeds[209]" classname="net.openhft.hashing.XxHashTest" time="0.0"/>
  <testcase name="testCityWithOneSeed[209]" classname="net.openhft.hashing.XxHashTest" time="0.0"/>
  <testcase name="testCityWithoutSeeds[210]" classname="net.openhft.hashing.XxHashTest" time="0.0"/>
  <testcase name="testCityWithOneSeed[210]" classname="net.openhft.hashing.XxHashTest" time="0.0"/>
  <testcase name="testCityWithoutSeeds[211]" classname="net.openhft.hashing.XxHashTest" time="0.0"/>
  <testcase name="testCityWithOneSeed[211]" classname="net.openhft.hashing.XxHashTest" time="0.0"/>
  <testcase name="testCityWithoutSeeds[212]" classname="net.openhft.hashing.XxHashTest" time="0.0"/>
  <testcase name="testCityWithOneSeed[212]" classname="net.openhft.hashing.XxHashTest" time="0.0"/>
  <testcase name="testCityWithoutSeeds[213]" classname="net.openhft.hashing.XxHashTest" time="0.0"/>
  <testcase name="testCityWithOneSeed[213]" classname="net.openhft.hashing.XxHashTest" time="0.0"/>
  <testcase name="testCityWithoutSeeds[214]" classname="net.openhft.hashing.XxHashTest" time="0.0"/>
  <testcase name="testCityWithOneSeed[214]" classname="net.openhft.hashing.XxHashTest" time="0.0"/>
  <testcase name="testCityWithoutSeeds[215]" classname="net.openhft.hashing.XxHashTest" time="0.0"/>
  <testcase name="testCityWithOneSeed[215]" classname="net.openhft.hashing.XxHashTest" time="0.0"/>
  <testcase name="testCityWithoutSeeds[216]" classname="net.openhft.hashing.XxHashTest" time="0.0"/>
  <testcase name="testCityWithOneSeed[216]" classname="net.openhft.hashing.XxHashTest" time="0.0"/>
  <testcase name="testCityWithoutSeeds[217]" classname="net.openhft.hashing.XxHashTest" time="0.0"/>
  <testcase name="testCityWithOneSeed[217]" classname="net.openhft.hashing.XxHashTest" time="0.0"/>
  <testcase name="testCityWithoutSeeds[218]" classname="net.openhft.hashing.XxHashTest" time="0.0"/>
  <testcase name="testCityWithOneSeed[218]" classname="net.openhft.hashing.XxHashTest" time="0.0"/>
  <testcase name="testCityWithoutSeeds[219]" classname="net.openhft.hashing.XxHashTest" time="0.0"/>
  <testcase name="testCityWithOneSeed[219]" classname="net.openhft.hashing.XxHashTest" time="0.0"/>
  <testcase name="testCityWithoutSeeds[220]" classname="net.openhft.hashing.XxHashTest" time="0.0"/>
  <testcase name="testCityWithOneSeed[220]" classname="net.openhft.hashing.XxHashTest" time="0.0"/>
  <testcase name="testCityWithoutSeeds[221]" classname="net.openhft.hashing.XxHashTest" time="0.001"/>
  <testcase name="testCityWithOneSeed[221]" classname="net.openhft.hashing.XxHashTest" time="0.0"/>
  <testcase name="testCityWithoutSeeds[222]" classname="net.openhft.hashing.XxHashTest" time="0.0"/>
  <testcase name="testCityWithOneSeed[222]" classname="net.openhft.hashing.XxHashTest" time="0.0"/>
  <testcase name="testCityWithoutSeeds[223]" classname="net.openhft.hashing.XxHashTest" time="0.0"/>
  <testcase name="testCityWithOneSeed[223]" classname="net.openhft.hashing.XxHashTest" time="0.0"/>
  <testcase name="testCityWithoutSeeds[224]" classname="net.openhft.hashing.XxHashTest" time="0.0"/>
  <testcase name="testCityWithOneSeed[224]" classname="net.openhft.hashing.XxHashTest" time="0.0"/>
  <testcase name="testCityWithoutSeeds[225]" classname="net.openhft.hashing.XxHashTest" time="0.0"/>
  <testcase name="testCityWithOneSeed[225]" classname="net.openhft.hashing.XxHashTest" time="0.0"/>
  <testcase name="testCityWithoutSeeds[226]" classname="net.openhft.hashing.XxHashTest" time="0.0"/>
  <testcase name="testCityWithOneSeed[226]" classname="net.openhft.hashing.XxHashTest" time="0.0"/>
  <testcase name="testCityWithoutSeeds[227]" classname="net.openhft.hashing.XxHashTest" time="0.0"/>
  <testcase name="testCityWithOneSeed[227]" classname="net.openhft.hashing.XxHashTest" time="0.0"/>
  <testcase name="testCityWithoutSeeds[228]" classname="net.openhft.hashing.XxHashTest" time="0.0"/>
  <testcase name="testCityWithOneSeed[228]" classname="net.openhft.hashing.XxHashTest" time="0.0"/>
  <testcase name="testCityWithoutSeeds[229]" classname="net.openhft.hashing.XxHashTest" time="0.0"/>
  <testcase name="testCityWithOneSeed[229]" classname="net.openhft.hashing.XxHashTest" time="0.0"/>
  <testcase name="testCityWithoutSeeds[230]" classname="net.openhft.hashing.XxHashTest" time="0.0"/>
  <testcase name="testCityWithOneSeed[230]" classname="net.openhft.hashing.XxHashTest" time="0.0"/>
  <testcase name="testCityWithoutSeeds[231]" classname="net.openhft.hashing.XxHashTest" time="0.0"/>
  <testcase name="testCityWithOneSeed[231]" classname="net.openhft.hashing.XxHashTest" time="0.0"/>
  <testcase name="testCityWithoutSeeds[232]" classname="net.openhft.hashing.XxHashTest" time="0.001"/>
  <testcase name="testCityWithOneSeed[232]" classname="net.openhft.hashing.XxHashTest" time="0.0"/>
  <testcase name="testCityWithoutSeeds[233]" classname="net.openhft.hashing.XxHashTest" time="0.0"/>
  <testcase name="testCityWithOneSeed[233]" classname="net.openhft.hashing.XxHashTest" time="0.0"/>
  <testcase name="testCityWithoutSeeds[234]" classname="net.openhft.hashing.XxHashTest" time="0.0"/>
  <testcase name="testCityWithOneSeed[234]" classname="net.openhft.hashing.XxHashTest" time="0.0"/>
  <testcase name="testCityWithoutSeeds[235]" classname="net.openhft.hashing.XxHashTest" time="0.0"/>
  <testcase name="testCityWithOneSeed[235]" classname="net.openhft.hashing.XxHashTest" time="0.0"/>
  <testcase name="testCityWithoutSeeds[236]" classname="net.openhft.hashing.XxHashTest" time="0.0"/>
  <testcase name="testCityWithOneSeed[236]" classname="net.openhft.hashing.XxHashTest" time="0.0"/>
  <testcase name="testCityWithoutSeeds[237]" classname="net.openhft.hashing.XxHashTest" time="0.0"/>
  <testcase name="testCityWithOneSeed[237]" classname="net.openhft.hashing.XxHashTest" time="0.0"/>
  <testcase name="testCityWithoutSeeds[238]" classname="net.openhft.hashing.XxHashTest" time="0.0"/>
  <testcase name="testCityWithOneSeed[238]" classname="net.openhft.hashing.XxHashTest" time="0.0"/>
  <testcase name="testCityWithoutSeeds[239]" classname="net.openhft.hashing.XxHashTest" time="0.0"/>
  <testcase name="testCityWithOneSeed[239]" classname="net.openhft.hashing.XxHashTest" time="0.0"/>
  <testcase name="testCityWithoutSeeds[240]" classname="net.openhft.hashing.XxHashTest" time="0.0"/>
  <testcase name="testCityWithOneSeed[240]" classname="net.openhft.hashing.XxHashTest" time="0.0"/>
  <testcase name="testCityWithoutSeeds[241]" classname="net.openhft.hashing.XxHashTest" time="0.0"/>
  <testcase name="testCityWithOneSeed[241]" classname="net.openhft.hashing.XxHashTest" time="0.0"/>
  <testcase name="testCityWithoutSeeds[242]" classname="net.openhft.hashing.XxHashTest" time="0.0"/>
  <testcase name="testCityWithOneSeed[242]" classname="net.openhft.hashing.XxHashTest" time="0.0"/>
  <testcase name="testCityWithoutSeeds[243]" classname="net.openhft.hashing.XxHashTest" time="0.001"/>
  <testcase name="testCityWithOneSeed[243]" classname="net.openhft.hashing.XxHashTest" time="0.0"/>
  <testcase name="testCityWithoutSeeds[244]" classname="net.openhft.hashing.XxHashTest" time="0.0"/>
  <testcase name="testCityWithOneSeed[244]" classname="net.openhft.hashing.XxHashTest" time="0.0"/>
  <testcase name="testCityWithoutSeeds[245]" classname="net.openhft.hashing.XxHashTest" time="0.0"/>
  <testcase name="testCityWithOneSeed[245]" classname="net.openhft.hashing.XxHashTest" time="0.0"/>
  <testcase name="testCityWithoutSeeds[246]" classname="net.openhft.hashing.XxHashTest" time="0.0"/>
  <testcase name="testCityWithOneSeed[246]" classname="net.openhft.hashing.XxHashTest" time="0.0"/>
  <testcase name="testCityWithoutSeeds[247]" classname="net.openhft.hashing.XxHashTest" time="0.0"/>
  <testcase name="testCityWithOneSeed[247]" classname="net.openhft.hashing.XxHashTest" time="0.0"/>
  <testcase name="testCityWithoutSeeds[248]" classname="net.openhft.hashing.XxHashTest" time="0.0"/>
  <testcase name="testCityWithOneSeed[248]" classname="net.openhft.hashing.XxHashTest" time="0.0"/>
  <testcase name="testCityWithoutSeeds[249]" classname="net.openhft.hashing.XxHashTest" time="0.0"/>
  <testcase name="testCityWithOneSeed[249]" classname="net.openhft.hashing.XxHashTest" time="0.0"/>
  <testcase name="testCityWithoutSeeds[250]" classname="net.openhft.hashing.XxHashTest" time="0.0"/>
  <testcase name="testCityWithOneSeed[250]" classname="net.openhft.hashing.XxHashTest" time="0.0"/>
  <testcase name="testCityWithoutSeeds[251]" classname="net.openhft.hashing.XxHashTest" time="0.0"/>
  <testcase name="testCityWithOneSeed[251]" classname="net.openhft.hashing.XxHashTest" time="0.0"/>
  <testcase name="testCityWithoutSeeds[252]" classname="net.openhft.hashing.XxHashTest" time="0.0"/>
  <testcase name="testCityWithOneSeed[252]" classname="net.openhft.hashing.XxHashTest" time="0.0"/>
  <testcase name="testCityWithoutSeeds[253]" classname="net.openhft.hashing.XxHashTest" time="0.0"/>
  <testcase name="testCityWithOneSeed[253]" classname="net.openhft.hashing.XxHashTest" time="0.0"/>
  <testcase name="testCityWithoutSeeds[254]" classname="net.openhft.hashing.XxHashTest" time="0.0"/>
  <testcase name="testCityWithOneSeed[254]" classname="net.openhft.hashing.XxHashTest" time="0.0"/>
  <testcase name="testCityWithoutSeeds[255]" classname="net.openhft.hashing.XxHashTest" time="0.0"/>
  <testcase name="testCityWithOneSeed[255]" classname="net.openhft.hashing.XxHashTest" time="0.0"/>
  <testcase name="testCityWithoutSeeds[256]" classname="net.openhft.hashing.XxHashTest" time="0.0"/>
  <testcase name="testCityWithOneSeed[256]" classname="net.openhft.hashing.XxHashTest" time="0.0"/>
  <testcase name="testCityWithoutSeeds[257]" classname="net.openhft.hashing.XxHashTest" time="0.0"/>
  <testcase name="testCityWithOneSeed[257]" classname="net.openhft.hashing.XxHashTest" time="0.0"/>
  <testcase name="testCityWithoutSeeds[258]" classname="net.openhft.hashing.XxHashTest" time="0.0"/>
  <testcase name="testCityWithOneSeed[258]" classname="net.openhft.hashing.XxHashTest" time="0.0"/>
  <testcase name="testCityWithoutSeeds[259]" classname="net.openhft.hashing.XxHashTest" time="0.0"/>
  <testcase name="testCityWithOneSeed[259]" classname="net.openhft.hashing.XxHashTest" time="0.0"/>
  <testcase name="testCityWithoutSeeds[260]" classname="net.openhft.hashing.XxHashTest" time="0.0"/>
  <testcase name="testCityWithOneSeed[260]" classname="net.openhft.hashing.XxHashTest" time="0.0"/>
  <testcase name="testCityWithoutSeeds[261]" classname="net.openhft.hashing.XxHashTest" time="0.0"/>
  <testcase name="testCityWithOneSeed[261]" classname="net.openhft.hashing.XxHashTest" time="0.0"/>
  <testcase name="testCityWithoutSeeds[262]" classname="net.openhft.hashing.XxHashTest" time="0.0"/>
  <testcase name="testCityWithOneSeed[262]" classname="net.openhft.hashing.XxHashTest" time="0.0"/>
  <testcase name="testCityWithoutSeeds[263]" classname="net.openhft.hashing.XxHashTest" time="0.0"/>
  <testcase name="testCityWithOneSeed[263]" classname="net.openhft.hashing.XxHashTest" time="0.0"/>
  <testcase name="testCityWithoutSeeds[264]" classname="net.openhft.hashing.XxHashTest" time="0.0"/>
  <testcase name="testCityWithOneSeed[264]" classname="net.openhft.hashing.XxHashTest" time="0.0"/>
  <testcase name="testCityWithoutSeeds[265]" classname="net.openhft.hashing.XxHashTest" time="0.0"/>
  <testcase name="testCityWithOneSeed[265]" classname="net.openhft.hashing.XxHashTest" time="0.0"/>
  <testcase name="testCityWithoutSeeds[266]" classname="net.openhft.hashing.XxHashTest" time="0.0"/>
  <testcase name="testCityWithOneSeed[266]" classname="net.openhft.hashing.XxHashTest" time="0.0"/>
  <testcase name="testCityWithoutSeeds[267]" classname="net.openhft.hashing.XxHashTest" time="0.0"/>
  <testcase name="testCityWithOneSeed[267]" classname="net.openhft.hashing.XxHashTest" time="0.0"/>
  <testcase name="testCityWithoutSeeds[268]" classname="net.openhft.hashing.XxHashTest" time="0.0"/>
  <testcase name="testCityWithOneSeed[268]" classname="net.openhft.hashing.XxHashTest" time="0.0"/>
  <testcase name="testCityWithoutSeeds[269]" classname="net.openhft.hashing.XxHashTest" time="0.0"/>
  <testcase name="testCityWithOneSeed[269]" classname="net.openhft.hashing.XxHashTest" time="0.0"/>
  <testcase name="testCityWithoutSeeds[270]" classname="net.openhft.hashing.XxHashTest" time="0.0"/>
  <testcase name="testCityWithOneSeed[270]" classname="net.openhft.hashing.XxHashTest" time="0.0"/>
  <testcase name="testCityWithoutSeeds[271]" classname="net.openhft.hashing.XxHashTest" time="0.0"/>
  <testcase name="testCityWithOneSeed[271]" classname="net.openhft.hashing.XxHashTest" time="0.0"/>
  <testcase name="testCityWithoutSeeds[272]" classname="net.openhft.hashing.XxHashTest" time="0.0"/>
  <testcase name="testCityWithOneSeed[272]" classname="net.openhft.hashing.XxHashTest" time="0.0"/>
  <testcase name="testCityWithoutSeeds[273]" classname="net.openhft.hashing.XxHashTest" time="0.0"/>
  <testcase name="testCityWithOneSeed[273]" classname="net.openhft.hashing.XxHashTest" time="0.0"/>
  <testcase name="testCityWithoutSeeds[274]" classname="net.openhft.hashing.XxHashTest" time="0.0"/>
  <testcase name="testCityWithOneSeed[274]" classname="net.openhft.hashing.XxHashTest" time="0.0"/>
  <testcase name="testCityWithoutSeeds[275]" classname="net.openhft.hashing.XxHashTest" time="0.0"/>
  <testcase name="testCityWithOneSeed[275]" classname="net.openhft.hashing.XxHashTest" time="0.0"/>
  <testcase name="testCityWithoutSeeds[276]" classname="net.openhft.hashing.XxHashTest" time="0.0"/>
  <testcase name="testCityWithOneSeed[276]" classname="net.openhft.hashing.XxHashTest" time="0.0"/>
  <testcase name="testCityWithoutSeeds[277]" classname="net.openhft.hashing.XxHashTest" time="0.001"/>
  <testcase name="testCityWithOneSeed[277]" classname="net.openhft.hashing.XxHashTest" time="0.0"/>
  <testcase name="testCityWithoutSeeds[278]" classname="net.openhft.hashing.XxHashTest" time="0.0"/>
  <testcase name="testCityWithOneSeed[278]" classname="net.openhft.hashing.XxHashTest" time="0.0"/>
  <testcase name="testCityWithoutSeeds[279]" classname="net.openhft.hashing.XxHashTest" time="0.0"/>
  <testcase name="testCityWithOneSeed[279]" classname="net.openhft.hashing.XxHashTest" time="0.0"/>
  <testcase name="testCityWithoutSeeds[280]" classname="net.openhft.hashing.XxHashTest" time="0.0"/>
  <testcase name="testCityWithOneSeed[280]" classname="net.openhft.hashing.XxHashTest" time="0.0"/>
  <testcase name="testCityWithoutSeeds[281]" classname="net.openhft.hashing.XxHashTest" time="0.0"/>
  <testcase name="testCityWithOneSeed[281]" classname="net.openhft.hashing.XxHashTest" time="0.0"/>
  <testcase name="testCityWithoutSeeds[282]" classname="net.openhft.hashing.XxHashTest" time="0.0"/>
  <testcase name="testCityWithOneSeed[282]" classname="net.openhft.hashing.XxHashTest" time="0.0"/>
  <testcase name="testCityWithoutSeeds[283]" classname="net.openhft.hashing.XxHashTest" time="0.0"/>
  <testcase name="testCityWithOneSeed[283]" classname="net.openhft.hashing.XxHashTest" time="0.0"/>
  <testcase name="testCityWithoutSeeds[284]" classname="net.openhft.hashing.XxHashTest" time="0.0"/>
  <testcase name="testCityWithOneSeed[284]" classname="net.openhft.hashing.XxHashTest" time="0.0"/>
  <testcase name="testCityWithoutSeeds[285]" classname="net.openhft.hashing.XxHashTest" time="0.0"/>
  <testcase name="testCityWithOneSeed[285]" classname="net.openhft.hashing.XxHashTest" time="0.0"/>
  <testcase name="testCityWithoutSeeds[286]" classname="net.openhft.hashing.XxHashTest" time="0.001"/>
  <testcase name="testCityWithOneSeed[286]" classname="net.openhft.hashing.XxHashTest" time="0.0"/>
  <testcase name="testCityWithoutSeeds[287]" classname="net.openhft.hashing.XxHashTest" time="0.0"/>
  <testcase name="testCityWithOneSeed[287]" classname="net.openhft.hashing.XxHashTest" time="0.0"/>
  <testcase name="testCityWithoutSeeds[288]" classname="net.openhft.hashing.XxHashTest" time="0.0"/>
  <testcase name="testCityWithOneSeed[288]" classname="net.openhft.hashing.XxHashTest" time="0.0"/>
  <testcase name="testCityWithoutSeeds[289]" classname="net.openhft.hashing.XxHashTest" time="0.0"/>
  <testcase name="testCityWithOneSeed[289]" classname="net.openhft.hashing.XxHashTest" time="0.0"/>
  <testcase name="testCityWithoutSeeds[290]" classname="net.openhft.hashing.XxHashTest" time="0.0"/>
  <testcase name="testCityWithOneSeed[290]" classname="net.openhft.hashing.XxHashTest" time="0.0"/>
  <testcase name="testCityWithoutSeeds[291]" classname="net.openhft.hashing.XxHashTest" time="0.0"/>
  <testcase name="testCityWithOneSeed[291]" classname="net.openhft.hashing.XxHashTest" time="0.0"/>
  <testcase name="testCityWithoutSeeds[292]" classname="net.openhft.hashing.XxHashTest" time="0.0"/>
  <testcase name="testCityWithOneSeed[292]" classname="net.openhft.hashing.XxHashTest" time="0.0"/>
  <testcase name="testCityWithoutSeeds[293]" classname="net.openhft.hashing.XxHashTest" time="0.0"/>
  <testcase name="testCityWithOneSeed[293]" classname="net.openhft.hashing.XxHashTest" time="0.0"/>
  <testcase name="testCityWithoutSeeds[294]" classname="net.openhft.hashing.XxHashTest" time="0.0"/>
  <testcase name="testCityWithOneSeed[294]" classname="net.openhft.hashing.XxHashTest" time="0.001"/>
  <testcase name="testCityWithoutSeeds[295]" classname="net.openhft.hashing.XxHashTest" time="0.0"/>
  <testcase name="testCityWithOneSeed[295]" classname="net.openhft.hashing.XxHashTest" time="0.0"/>
  <testcase name="testCityWithoutSeeds[296]" classname="net.openhft.hashing.XxHashTest" time="0.0"/>
  <testcase name="testCityWithOneSeed[296]" classname="net.openhft.hashing.XxHashTest" time="0.0"/>
  <testcase name="testCityWithoutSeeds[297]" classname="net.openhft.hashing.XxHashTest" time="0.0"/>
  <testcase name="testCityWithOneSeed[297]" classname="net.openhft.hashing.XxHashTest" time="0.0"/>
  <testcase name="testCityWithoutSeeds[298]" classname="net.openhft.hashing.XxHashTest" time="0.0"/>
  <testcase name="testCityWithOneSeed[298]" classname="net.openhft.hashing.XxHashTest" time="0.0"/>
  <testcase name="testCityWithoutSeeds[299]" classname="net.openhft.hashing.XxHashTest" time="0.0"/>
  <testcase name="testCityWithOneSeed[299]" classname="net.openhft.hashing.XxHashTest" time="0.0"/>
  <testcase name="testCityWithoutSeeds[300]" classname="net.openhft.hashing.XxHashTest" time="0.0"/>
  <testcase name="testCityWithOneSeed[300]" classname="net.openhft.hashing.XxHashTest" time="0.0"/>
  <testcase name="testCityWithoutSeeds[301]" classname="net.openhft.hashing.XxHashTest" time="0.0"/>
  <testcase name="testCityWithOneSeed[301]" classname="net.openhft.hashing.XxHashTest" time="0.0"/>
  <testcase name="testCityWithoutSeeds[302]" classname="net.openhft.hashing.XxHashTest" time="0.0"/>
  <testcase name="testCityWithOneSeed[302]" classname="net.openhft.hashing.XxHashTest" time="0.0"/>
  <testcase name="testCityWithoutSeeds[303]" classname="net.openhft.hashing.XxHashTest" time="0.0"/>
  <testcase name="testCityWithOneSeed[303]" classname="net.openhft.hashing.XxHashTest" time="0.0"/>
  <testcase name="testCityWithoutSeeds[304]" classname="net.openhft.hashing.XxHashTest" time="0.001"/>
  <testcase name="testCityWithOneSeed[304]" classname="net.openhft.hashing.XxHashTest" time="0.0"/>
  <testcase name="testCityWithoutSeeds[305]" classname="net.openhft.hashing.XxHashTest" time="0.0"/>
  <testcase name="testCityWithOneSeed[305]" classname="net.openhft.hashing.XxHashTest" time="0.0"/>
  <testcase name="testCityWithoutSeeds[306]" classname="net.openhft.hashing.XxHashTest" time="0.0"/>
  <testcase name="testCityWithOneSeed[306]" classname="net.openhft.hashing.XxHashTest" time="0.0"/>
  <testcase name="testCityWithoutSeeds[307]" classname="net.openhft.hashing.XxHashTest" time="0.0"/>
  <testcase name="testCityWithOneSeed[307]" classname="net.openhft.hashing.XxHashTest" time="0.0"/>
  <testcase name="testCityWithoutSeeds[308]" classname="net.openhft.hashing.XxHashTest" time="0.0"/>
  <testcase name="testCityWithOneSeed[308]" classname="net.openhft.hashing.XxHashTest" time="0.0"/>
  <testcase name="testCityWithoutSeeds[309]" classname="net.openhft.hashing.XxHashTest" time="0.0"/>
  <testcase name="testCityWithOneSeed[309]" classname="net.openhft.hashing.XxHashTest" time="0.0"/>
  <testcase name="testCityWithoutSeeds[310]" classname="net.openhft.hashing.XxHashTest" time="0.0"/>
  <testcase name="testCityWithOneSeed[310]" classname="net.openhft.hashing.XxHashTest" time="0.0"/>
  <testcase name="testCityWithoutSeeds[311]" classname="net.openhft.hashing.XxHashTest" time="0.0"/>
  <testcase name="testCityWithOneSeed[311]" classname="net.openhft.hashing.XxHashTest" time="0.0"/>
  <testcase name="testCityWithoutSeeds[312]" classname="net.openhft.hashing.XxHashTest" time="0.0"/>
  <testcase name="testCityWithOneSeed[312]" classname="net.openhft.hashing.XxHashTest" time="0.001"/>
  <testcase name="testCityWithoutSeeds[313]" classname="net.openhft.hashing.XxHashTest" time="0.0"/>
  <testcase name="testCityWithOneSeed[313]" classname="net.openhft.hashing.XxHashTest" time="0.0"/>
  <testcase name="testCityWithoutSeeds[314]" classname="net.openhft.hashing.XxHashTest" time="0.0"/>
  <testcase name="testCityWithOneSeed[314]" classname="net.openhft.hashing.XxHashTest" time="0.0"/>
  <testcase name="testCityWithoutSeeds[315]" classname="net.openhft.hashing.XxHashTest" time="0.0"/>
  <testcase name="testCityWithOneSeed[315]" classname="net.openhft.hashing.XxHashTest" time="0.0"/>
  <testcase name="testCityWithoutSeeds[316]" classname="net.openhft.hashing.XxHashTest" time="0.0"/>
  <testcase name="testCityWithOneSeed[316]" classname="net.openhft.hashing.XxHashTest" time="0.0"/>
  <testcase name="testCityWithoutSeeds[317]" classname="net.openhft.hashing.XxHashTest" time="0.0"/>
  <testcase name="testCityWithOneSeed[317]" classname="net.openhft.hashing.XxHashTest" time="0.0"/>
  <testcase name="testCityWithoutSeeds[318]" classname="net.openhft.hashing.XxHashTest" time="0.0"/>
  <testcase name="testCityWithOneSeed[318]" classname="net.openhft.hashing.XxHashTest" time="0.0"/>
  <testcase name="testCityWithoutSeeds[319]" classname="net.openhft.hashing.XxHashTest" time="0.0"/>
  <testcase name="testCityWithOneSeed[319]" classname="net.openhft.hashing.XxHashTest" time="0.0"/>
  <testcase name="testCityWithoutSeeds[320]" classname="net.openhft.hashing.XxHashTest" time="0.0"/>
  <testcase name="testCityWithOneSeed[320]" classname="net.openhft.hashing.XxHashTest" time="0.0"/>
  <testcase name="testCityWithoutSeeds[321]" classname="net.openhft.hashing.XxHashTest" time="0.0"/>
  <testcase name="testCityWithOneSeed[321]" classname="net.openhft.hashing.XxHashTest" time="0.0"/>
  <testcase name="testCityWithoutSeeds[322]" classname="net.openhft.hashing.XxHashTest" time="0.0"/>
  <testcase name="testCityWithOneSeed[322]" classname="net.openhft.hashing.XxHashTest" time="0.0"/>
  <testcase name="testCityWithoutSeeds[323]" classname="net.openhft.hashing.XxHashTest" time="0.001"/>
  <testcase name="testCityWithOneSeed[323]" classname="net.openhft.hashing.XxHashTest" time="0.0"/>
  <testcase name="testCityWithoutSeeds[324]" classname="net.openhft.hashing.XxHashTest" time="0.0"/>
  <testcase name="testCityWithOneSeed[324]" classname="net.openhft.hashing.XxHashTest" time="0.0"/>
  <testcase name="testCityWithoutSeeds[325]" classname="net.openhft.hashing.XxHashTest" time="0.0"/>
  <testcase name="testCityWithOneSeed[325]" classname="net.openhft.hashing.XxHashTest" time="0.0"/>
  <testcase name="testCityWithoutSeeds[326]" classname="net.openhft.hashing.XxHashTest" time="0.0"/>
  <testcase name="testCityWithOneSeed[326]" classname="net.openhft.hashing.XxHashTest" time="0.0"/>
  <testcase name="testCityWithoutSeeds[327]" classname="net.openhft.hashing.XxHashTest" time="0.0"/>
  <testcase name="testCityWithOneSeed[327]" classname="net.openhft.hashing.XxHashTest" time="0.0"/>
  <testcase name="testCityWithoutSeeds[328]" classname="net.openhft.hashing.XxHashTest" time="0.0"/>
  <testcase name="testCityWithOneSeed[328]" classname="net.openhft.hashing.XxHashTest" time="0.0"/>
  <testcase name="testCityWithoutSeeds[329]" classname="net.openhft.hashing.XxHashTest" time="0.0"/>
  <testcase name="testCityWithOneSeed[329]" classname="net.openhft.hashing.XxHashTest" time="0.0"/>
  <testcase name="testCityWithoutSeeds[330]" classname="net.openhft.hashing.XxHashTest" time="0.0"/>
  <testcase name="testCityWithOneSeed[330]" classname="net.openhft.hashing.XxHashTest" time="0.0"/>
  <testcase name="testCityWithoutSeeds[331]" classname="net.openhft.hashing.XxHashTest" time="0.0"/>
  <testcase name="testCityWithOneSeed[331]" classname="net.openhft.hashing.XxHashTest" time="0.0"/>
  <testcase name="testCityWithoutSeeds[332]" classname="net.openhft.hashing.XxHashTest" time="0.0"/>
  <testcase name="testCityWithOneSeed[332]" classname="net.openhft.hashing.XxHashTest" time="0.0"/>
  <testcase name="testCityWithoutSeeds[333]" classname="net.openhft.hashing.XxHashTest" time="0.0"/>
  <testcase name="testCityWithOneSeed[333]" classname="net.openhft.hashing.XxHashTest" time="0.0"/>
  <testcase name="testCityWithoutSeeds[334]" classname="net.openhft.hashing.XxHashTest" time="0.0"/>
  <testcase name="testCityWithOneSeed[334]" classname="net.openhft.hashing.XxHashTest" time="0.0"/>
  <testcase name="testCityWithoutSeeds[335]" classname="net.openhft.hashing.XxHashTest" time="0.0"/>
  <testcase name="testCityWithOneSeed[335]" classname="net.openhft.hashing.XxHashTest" time="0.0"/>
  <testcase name="testCityWithoutSeeds[336]" classname="net.openhft.hashing.XxHashTest" time="0.0"/>
  <testcase name="testCityWithOneSeed[336]" classname="net.openhft.hashing.XxHashTest" time="0.0"/>
  <testcase name="testCityWithoutSeeds[337]" classname="net.openhft.hashing.XxHashTest" time="0.0"/>
  <testcase name="testCityWithOneSeed[337]" classname="net.openhft.hashing.XxHashTest" time="0.0"/>
  <testcase name="testCityWithoutSeeds[338]" classname="net.openhft.hashing.XxHashTest" time="0.0"/>
  <testcase name="testCityWithOneSeed[338]" classname="net.openhft.hashing.XxHashTest" time="0.0"/>
  <testcase name="testCityWithoutSeeds[339]" classname="net.openhft.hashing.XxHashTest" time="0.0"/>
  <testcase name="testCityWithOneSeed[339]" classname="net.openhft.hashing.XxHashTest" time="0.0"/>
  <testcase name="testCityWithoutSeeds[340]" classname="net.openhft.hashing.XxHashTest" time="0.0"/>
  <testcase name="testCityWithOneSeed[340]" classname="net.openhft.hashing.XxHashTest" time="0.001"/>
  <testcase name="testCityWithoutSeeds[341]" classname="net.openhft.hashing.XxHashTest" time="0.0"/>
  <testcase name="testCityWithOneSeed[341]" classname="net.openhft.hashing.XxHashTest" time="0.0"/>
  <testcase name="testCityWithoutSeeds[342]" classname="net.openhft.hashing.XxHashTest" time="0.0"/>
  <testcase name="testCityWithOneSeed[342]" classname="net.openhft.hashing.XxHashTest" time="0.0"/>
  <testcase name="testCityWithoutSeeds[343]" classname="net.openhft.hashing.XxHashTest" time="0.0"/>
  <testcase name="testCityWithOneSeed[343]" classname="net.openhft.hashing.XxHashTest" time="0.0"/>
  <testcase name="testCityWithoutSeeds[344]" classname="net.openhft.hashing.XxHashTest" time="0.0"/>
  <testcase name="testCityWithOneSeed[344]" classname="net.openhft.hashing.XxHashTest" time="0.0"/>
  <testcase name="testCityWithoutSeeds[345]" classname="net.openhft.hashing.XxHashTest" time="0.0"/>
  <testcase name="testCityWithOneSeed[345]" classname="net.openhft.hashing.XxHashTest" time="0.0"/>
  <testcase name="testCityWithoutSeeds[346]" classname="net.openhft.hashing.XxHashTest" time="0.0"/>
  <testcase name="testCityWithOneSeed[346]" classname="net.openhft.hashing.XxHashTest" time="0.0"/>
  <testcase name="testCityWithoutSeeds[347]" classname="net.openhft.hashing.XxHashTest" time="0.0"/>
  <testcase name="testCityWithOneSeed[347]" classname="net.openhft.hashing.XxHashTest" time="0.0"/>
  <testcase name="testCityWithoutSeeds[348]" classname="net.openhft.hashing.XxHashTest" time="0.0"/>
  <testcase name="testCityWithOneSeed[348]" classname="net.openhft.hashing.XxHashTest" time="0.0"/>
  <testcase name="testCityWithoutSeeds[349]" classname="net.openhft.hashing.XxHashTest" time="0.0"/>
  <testcase name="testCityWithOneSeed[349]" classname="net.openhft.hashing.XxHashTest" time="0.0"/>
  <testcase name="testCityWithoutSeeds[350]" classname="net.openhft.hashing.XxHashTest" time="0.0"/>
  <testcase name="testCityWithOneSeed[350]" classname="net.openhft.hashing.XxHashTest" time="0.0"/>
  <testcase name="testCityWithoutSeeds[351]" classname="net.openhft.hashing.XxHashTest" time="0.0"/>
  <testcase name="testCityWithOneSeed[351]" classname="net.openhft.hashing.XxHashTest" time="0.0"/>
  <testcase name="testCityWithoutSeeds[352]" classname="net.openhft.hashing.XxHashTest" time="0.0"/>
  <testcase name="testCityWithOneSeed[352]" classname="net.openhft.hashing.XxHashTest" time="0.0"/>
  <testcase name="testCityWithoutSeeds[353]" classname="net.openhft.hashing.XxHashTest" time="0.0"/>
  <testcase name="testCityWithOneSeed[353]" classname="net.openhft.hashing.XxHashTest" time="0.0"/>
  <testcase name="testCityWithoutSeeds[354]" classname="net.openhft.hashing.XxHashTest" time="0.0"/>
  <testcase name="testCityWithOneSeed[354]" classname="net.openhft.hashing.XxHashTest" time="0.0"/>
  <testcase name="testCityWithoutSeeds[355]" classname="net.openhft.hashing.XxHashTest" time="0.0"/>
  <testcase name="testCityWithOneSeed[355]" classname="net.openhft.hashing.XxHashTest" time="0.0"/>
  <testcase name="testCityWithoutSeeds[356]" classname="net.openhft.hashing.XxHashTest" time="0.0"/>
  <testcase name="testCityWithOneSeed[356]" classname="net.openhft.hashing.XxHashTest" time="0.0"/>
  <testcase name="testCityWithoutSeeds[357]" classname="net.openhft.hashing.XxHashTest" time="0.0"/>
  <testcase name="testCityWithOneSeed[357]" classname="net.openhft.hashing.XxHashTest" time="0.0"/>
  <testcase name="testCityWithoutSeeds[358]" classname="net.openhft.hashing.XxHashTest" time="0.0"/>
  <testcase name="testCityWithOneSeed[358]" classname="net.openhft.hashing.XxHashTest" time="0.0"/>
  <testcase name="testCityWithoutSeeds[359]" classname="net.openhft.hashing.XxHashTest" time="0.0"/>
  <testcase name="testCityWithOneSeed[359]" classname="net.openhft.hashing.XxHashTest" time="0.0"/>
  <testcase name="testCityWithoutSeeds[360]" classname="net.openhft.hashing.XxHashTest" time="0.0"/>
  <testcase name="testCityWithOneSeed[360]" classname="net.openhft.hashing.XxHashTest" time="0.0"/>
  <testcase name="testCityWithoutSeeds[361]" classname="net.openhft.hashing.XxHashTest" time="0.0"/>
  <testcase name="testCityWithOneSeed[361]" classname="net.openhft.hashing.XxHashTest" time="0.0"/>
  <testcase name="testCityWithoutSeeds[362]" classname="net.openhft.hashing.XxHashTest" time="0.0"/>
  <testcase name="testCityWithOneSeed[362]" classname="net.openhft.hashing.XxHashTest" time="0.0"/>
  <testcase name="testCityWithoutSeeds[363]" classname="net.openhft.hashing.XxHashTest" time="0.0"/>
  <testcase name="testCityWithOneSeed[363]" classname="net.openhft.hashing.XxHashTest" time="0.0"/>
  <testcase name="testCityWithoutSeeds[364]" classname="net.openhft.hashing.XxHashTest" time="0.0"/>
  <testcase name="testCityWithOneSeed[364]" classname="net.openhft.hashing.XxHashTest" time="0.0"/>
  <testcase name="testCityWithoutSeeds[365]" classname="net.openhft.hashing.XxHashTest" time="0.0"/>
  <testcase name="testCityWithOneSeed[365]" classname="net.openhft.hashing.XxHashTest" time="0.0"/>
  <testcase name="testCityWithoutSeeds[366]" classname="net.openhft.hashing.XxHashTest" time="0.0"/>
  <testcase name="testCityWithOneSeed[366]" classname="net.openhft.hashing.XxHashTest" time="0.0"/>
  <testcase name="testCityWithoutSeeds[367]" classname="net.openhft.hashing.XxHashTest" time="0.0"/>
  <testcase name="testCityWithOneSeed[367]" classname="net.openhft.hashing.XxHashTest" time="0.0"/>
  <testcase name="testCityWithoutSeeds[368]" classname="net.openhft.hashing.XxHashTest" time="0.0"/>
  <testcase name="testCityWithOneSeed[368]" classname="net.openhft.hashing.XxHashTest" time="0.0"/>
  <testcase name="testCityWithoutSeeds[369]" classname="net.openhft.hashing.XxHashTest" time="0.0"/>
  <testcase name="testCityWithOneSeed[369]" classname="net.openhft.hashing.XxHashTest" time="0.0"/>
  <testcase name="testCityWithoutSeeds[370]" classname="net.openhft.hashing.XxHashTest" time="0.0"/>
  <testcase name="testCityWithOneSeed[370]" classname="net.openhft.hashing.XxHashTest" time="0.0"/>
  <testcase name="testCityWithoutSeeds[371]" classname="net.openhft.hashing.XxHashTest" time="0.0"/>
  <testcase name="testCityWithOneSeed[371]" classname="net.openhft.hashing.XxHashTest" time="0.0"/>
  <testcase name="testCityWithoutSeeds[372]" classname="net.openhft.hashing.XxHashTest" time="0.0"/>
  <testcase name="testCityWithOneSeed[372]" classname="net.openhft.hashing.XxHashTest" time="0.0"/>
  <testcase name="testCityWithoutSeeds[373]" classname="net.openhft.hashing.XxHashTest" time="0.001"/>
  <testcase name="testCityWithOneSeed[373]" classname="net.openhft.hashing.XxHashTest" time="0.0"/>
  <testcase name="testCityWithoutSeeds[374]" classname="net.openhft.hashing.XxHashTest" time="0.0"/>
  <testcase name="testCityWithOneSeed[374]" classname="net.openhft.hashing.XxHashTest" time="0.0"/>
  <testcase name="testCityWithoutSeeds[375]" classname="net.openhft.hashing.XxHashTest" time="0.0"/>
  <testcase name="testCityWithOneSeed[375]" classname="net.openhft.hashing.XxHashTest" time="0.0"/>
  <testcase name="testCityWithoutSeeds[376]" classname="net.openhft.hashing.XxHashTest" time="0.0"/>
  <testcase name="testCityWithOneSeed[376]" classname="net.openhft.hashing.XxHashTest" time="0.0"/>
  <testcase name="testCityWithoutSeeds[377]" classname="net.openhft.hashing.XxHashTest" time="0.0"/>
  <testcase name="testCityWithOneSeed[377]" classname="net.openhft.hashing.XxHashTest" time="0.0"/>
  <testcase name="testCityWithoutSeeds[378]" classname="net.openhft.hashing.XxHashTest" time="0.0"/>
  <testcase name="testCityWithOneSeed[378]" classname="net.openhft.hashing.XxHashTest" time="0.0"/>
  <testcase name="testCityWithoutSeeds[379]" classname="net.openhft.hashing.XxHashTest" time="0.0"/>
  <testcase name="testCityWithOneSeed[379]" classname="net.openhft.hashing.XxHashTest" time="0.0"/>
  <testcase name="testCityWithoutSeeds[380]" classname="net.openhft.hashing.XxHashTest" time="0.0"/>
  <testcase name="testCityWithOneSeed[380]" classname="net.openhft.hashing.XxHashTest" time="0.0"/>
  <testcase name="testCityWithoutSeeds[381]" classname="net.openhft.hashing.XxHashTest" time="0.0"/>
  <testcase name="testCityWithOneSeed[381]" classname="net.openhft.hashing.XxHashTest" time="0.0"/>
  <testcase name="testCityWithoutSeeds[382]" classname="net.openhft.hashing.XxHashTest" time="0.0"/>
  <testcase name="testCityWithOneSeed[382]" classname="net.openhft.hashing.XxHashTest" time="0.0"/>
  <testcase name="testCityWithoutSeeds[383]" classname="net.openhft.hashing.XxHashTest" time="0.0"/>
  <testcase name="testCityWithOneSeed[383]" classname="net.openhft.hashing.XxHashTest" time="0.0"/>
  <testcase name="testCityWithoutSeeds[384]" classname="net.openhft.hashing.XxHashTest" time="0.0"/>
  <testcase name="testCityWithOneSeed[384]" classname="net.openhft.hashing.XxHashTest" time="0.0"/>
  <testcase name="testCityWithoutSeeds[385]" classname="net.openhft.hashing.XxHashTest" time="0.0"/>
  <testcase name="testCityWithOneSeed[385]" classname="net.openhft.hashing.XxHashTest" time="0.0"/>
  <testcase name="testCityWithoutSeeds[386]" classname="net.openhft.hashing.XxHashTest" time="0.0"/>
  <testcase name="testCityWithOneSeed[386]" classname="net.openhft.hashing.XxHashTest" time="0.0"/>
  <testcase name="testCityWithoutSeeds[387]" classname="net.openhft.hashing.XxHashTest" time="0.0"/>
  <testcase name="testCityWithOneSeed[387]" classname="net.openhft.hashing.XxHashTest" time="0.0"/>
  <testcase name="testCityWithoutSeeds[388]" classname="net.openhft.hashing.XxHashTest" time="0.0"/>
  <testcase name="testCityWithOneSeed[388]" classname="net.openhft.hashing.XxHashTest" time="0.0"/>
  <testcase name="testCityWithoutSeeds[389]" classname="net.openhft.hashing.XxHashTest" time="0.0"/>
  <testcase name="testCityWithOneSeed[389]" classname="net.openhft.hashing.XxHashTest" time="0.0"/>
  <testcase name="testCityWithoutSeeds[390]" classname="net.openhft.hashing.XxHashTest" time="0.0"/>
  <testcase name="testCityWithOneSeed[390]" classname="net.openhft.hashing.XxHashTest" time="0.0"/>
  <testcase name="testCityWithoutSeeds[391]" classname="net.openhft.hashing.XxHashTest" time="0.0"/>
  <testcase name="testCityWithOneSeed[391]" classname="net.openhft.hashing.XxHashTest" time="0.0"/>
  <testcase name="testCityWithoutSeeds[392]" classname="net.openhft.hashing.XxHashTest" time="0.0"/>
  <testcase name="testCityWithOneSeed[392]" classname="net.openhft.hashing.XxHashTest" time="0.0"/>
  <testcase name="testCityWithoutSeeds[393]" classname="net.openhft.hashing.XxHashTest" time="0.0"/>
  <testcase name="testCityWithOneSeed[393]" classname="net.openhft.hashing.XxHashTest" time="0.0"/>
  <testcase name="testCityWithoutSeeds[394]" classname="net.openhft.hashing.XxHashTest" time="0.0"/>
  <testcase name="testCityWithOneSeed[394]" classname="net.openhft.hashing.XxHashTest" time="0.0"/>
  <testcase name="testCityWithoutSeeds[395]" classname="net.openhft.hashing.XxHashTest" time="0.0"/>
  <testcase name="testCityWithOneSeed[395]" classname="net.openhft.hashing.XxHashTest" time="0.0"/>
  <testcase name="testCityWithoutSeeds[396]" classname="net.openhft.hashing.XxHashTest" time="0.0"/>
  <testcase name="testCityWithOneSeed[396]" classname="net.openhft.hashing.XxHashTest" time="0.0"/>
[...]
  <testcase name="testCityWithOneSeed[926]" classname="net.openhft.hashing.XxHashTest" time="0.0"/>
  <testcase name="testCityWithoutSeeds[927]" classname="net.openhft.hashing.XxHashTest" time="0.0"/>
  <testcase name="testCityWithOneSeed[927]" classname="net.openhft.hashing.XxHashTest" time="0.0"/>
  <testcase name="testCityWithoutSeeds[928]" classname="net.openhft.hashing.XxHashTest" time="0.0"/>
  <testcase name="testCityWithOneSeed[928]" classname="net.openhft.hashing.XxHashTest" time="0.0"/>
  <testcase name="testCityWithoutSeeds[929]" classname="net.openhft.hashing.XxHashTest" time="0.001"/>
  <testcase name="testCityWithOneSeed[929]" classname="net.openhft.hashing.XxHashTest" time="0.0"/>
  <testcase name="testCityWithoutSeeds[930]" classname="net.openhft.hashing.XxHashTest" time="0.0"/>
  <testcase name="testCityWithOneSeed[930]" classname="net.openhft.hashing.XxHashTest" time="0.0"/>
  <testcase name="testCityWithoutSeeds[931]" classname="net.openhft.hashing.XxHashTest" time="0.0"/>
  <testcase name="testCityWithOneSeed[931]" classname="net.openhft.hashing.XxHashTest" time="0.0"/>
  <testcase name="testCityWithoutSeeds[932]" classname="net.openhft.hashing.XxHashTest" time="0.0"/>
  <testcase name="testCityWithOneSeed[932]" classname="net.openhft.hashing.XxHashTest" time="0.0"/>
  <testcase name="testCityWithoutSeeds[933]" classname="net.openhft.hashing.XxHashTest" time="0.0"/>
  <testcase name="testCityWithOneSeed[933]" classname="net.openhft.hashing.XxHashTest" time="0.0"/>
  <testcase name="testCityWithoutSeeds[934]" classname="net.openhft.hashing.XxHashTest" time="0.0"/>
  <testcase name="testCityWithOneSeed[934]" classname="net.openhft.hashing.XxHashTest" time="0.0"/>
  <testcase name="testCityWithoutSeeds[935]" classname="net.openhft.hashing.XxHashTest" time="0.0"/>
  <testcase name="testCityWithOneSeed[935]" classname="net.openhft.hashing.XxHashTest" time="0.0"/>
  <testcase name="testCityWithoutSeeds[936]" classname="net.openhft.hashing.XxHashTest" time="0.0"/>
  <testcase name="testCityWithOneSeed[936]" classname="net.openhft.hashing.XxHashTest" time="0.001"/>
  <testcase name="testCityWithoutSeeds[937]" classname="net.openhft.hashing.XxHashTest" time="0.0"/>
  <testcase name="testCityWithOneSeed[937]" classname="net.openhft.hashing.XxHashTest" time="0.0"/>
  <testcase name="testCityWithoutSeeds[938]" classname="net.openhft.hashing.XxHashTest" time="0.0"/>
  <testcase name="testCityWithOneSeed[938]" classname="net.openhft.hashing.XxHashTest" time="0.0"/>
  <testcase name="testCityWithoutSeeds[939]" classname="net.openhft.hashing.XxHashTest" time="0.0"/>
  <testcase name="testCityWithOneSeed[939]" classname="net.openhft.hashing.XxHashTest" time="0.0"/>
  <testcase name="testCityWithoutSeeds[940]" classname="net.openhft.hashing.XxHashTest" time="0.0"/>
  <testcase name="testCityWithOneSeed[940]" classname="net.openhft.hashing.XxHashTest" time="0.001"/>
  <testcase name="testCityWithoutSeeds[941]" classname="net.openhft.hashing.XxHashTest" time="0.006"/>
  <testcase name="testCityWithOneSeed[941]" classname="net.openhft.hashing.XxHashTest" time="0.001"/>
  <testcase name="testCityWithoutSeeds[942]" classname="net.openhft.hashing.XxHashTest" time="0.0"/>
  <testcase name="testCityWithOneSeed[942]" classname="net.openhft.hashing.XxHashTest" time="0.0"/>
  <testcase name="testCityWithoutSeeds[943]" classname="net.openhft.hashing.XxHashTest" time="0.0"/>
  <testcase name="testCityWithOneSeed[943]" classname="net.openhft.hashing.XxHashTest" time="0.0"/>
  <testcase name="testCityWithoutSeeds[944]" classname="net.openhft.hashing.XxHashTest" time="0.0"/>
  <testcase name="testCityWithOneSeed[944]" classname="net.openhft.hashing.XxHashTest" time="0.001"/>
  <testcase name="testCityWithoutSeeds[945]" classname="net.openhft.hashing.XxHashTest" time="0.0"/>
  <testcase name="testCityWithOneSeed[945]" classname="net.openhft.hashing.XxHashTest" time="0.0"/>
  <testcase name="testCityWithoutSeeds[946]" classname="net.openhft.hashing.XxHashTest" time="0.0"/>
  <testcase name="testCityWithOneSeed[946]" classname="net.openhft.hashing.XxHashTest" time="0.001"/>
  <testcase name="testCityWithoutSeeds[947]" classname="net.openhft.hashing.XxHashTest" time="0.0"/>
  <testcase name="testCityWithOneSeed[947]" classname="net.openhft.hashing.XxHashTest" time="0.0"/>
  <testcase name="testCityWithoutSeeds[948]" classname="net.openhft.hashing.XxHashTest" time="0.0"/>
  <testcase name="testCityWithOneSeed[948]" classname="net.openhft.hashing.XxHashTest" time="0.0"/>
  <testcase name="testCityWithoutSeeds[949]" classname="net.openhft.hashing.XxHashTest" time="0.0"/>
  <testcase name="testCityWithOneSeed[949]" classname="net.openhft.hashing.XxHashTest" time="0.0"/>
  <testcase name="testCityWithoutSeeds[950]" classname="net.openhft.hashing.XxHashTest" time="0.0"/>
  <testcase name="testCityWithOneSeed[950]" classname="net.openhft.hashing.XxHashTest" time="0.0"/>
  <testcase name="testCityWithoutSeeds[951]" classname="net.openhft.hashing.XxHashTest" time="0.0"/>
  <testcase name="testCityWithOneSeed[951]" classname="net.openhft.hashing.XxHashTest" time="0.052"/>
  <testcase name="testCityWithoutSeeds[952]" classname="net.openhft.hashing.XxHashTest" time="0.0"/>
  <testcase name="testCityWithOneSeed[952]" classname="net.openhft.hashing.XxHashTest" time="0.0"/>
  <testcase name="testCityWithoutSeeds[953]" classname="net.openhft.hashing.XxHashTest" time="0.0"/>
  <testcase name="testCityWithOneSeed[953]" classname="net.openhft.hashing.XxHashTest" time="0.0"/>
  <testcase name="testCityWithoutSeeds[954]" classname="net.openhft.hashing.XxHashTest" time="0.0"/>
  <testcase name="testCityWithOneSeed[954]" classname="net.openhft.hashing.XxHashTest" time="0.0"/>
  <testcase name="testCityWithoutSeeds[955]" classname="net.openhft.hashing.XxHashTest" time="0.0"/>
  <testcase name="testCityWithOneSeed[955]" classname="net.openhft.hashing.XxHashTest" time="0.0"/>
  <testcase name="testCityWithoutSeeds[956]" classname="net.openhft.hashing.XxHashTest" time="0.0"/>
  <testcase name="testCityWithOneSeed[956]" classname="net.openhft.hashing.XxHashTest" time="0.0"/>
  <testcase name="testCityWithoutSeeds[957]" classname="net.openhft.hashing.XxHashTest" time="0.0"/>
  <testcase name="testCityWithOneSeed[957]" classname="net.openhft.hashing.XxHashTest" time="0.0"/>
  <testcase name="testCityWithoutSeeds[958]" classname="net.openhft.hashing.XxHashTest" time="0.0"/>
  <testcase name="testCityWithOneSeed[958]" classname="net.openhft.hashing.XxHashTest" time="0.0"/>
  <testcase name="testCityWithoutSeeds[959]" classname="net.openhft.hashing.XxHashTest" time="0.0"/>
  <testcase name="testCityWithOneSeed[959]" classname="net.openhft.hashing.XxHashTest" time="0.0"/>
  <testcase name="testCityWithoutSeeds[960]" classname="net.openhft.hashing.XxHashTest" time="0.0"/>
  <testcase name="testCityWithOneSeed[960]" classname="net.openhft.hashing.XxHashTest" time="0.0"/>
  <testcase name="testCityWithoutSeeds[961]" classname="net.openhft.hashing.XxHashTest" time="0.0"/>
  <testcase name="testCityWithOneSeed[961]" classname="net.openhft.hashing.XxHashTest" time="0.0"/>
  <testcase name="testCityWithoutSeeds[962]" classname="net.openhft.hashing.XxHashTest" time="0.0"/>
  <testcase name="testCityWithOneSeed[962]" classname="net.openhft.hashing.XxHashTest" time="0.0"/>
  <testcase name="testCityWithoutSeeds[963]" classname="net.openhft.hashing.XxHashTest" time="0.0"/>
  <testcase name="testCityWithOneSeed[963]" classname="net.openhft.hashing.XxHashTest" time="0.0"/>
  <testcase name="testCityWithoutSeeds[964]" classname="net.openhft.hashing.XxHashTest" time="0.0"/>
  <testcase name="testCityWithOneSeed[964]" classname="net.openhft.hashing.XxHashTest" time="0.0"/>
  <testcase name="testCityWithoutSeeds[965]" classname="net.openhft.hashing.XxHashTest" time="0.0"/>
  <testcase name="testCityWithOneSeed[965]" classname="net.openhft.hashing.XxHashTest" time="0.0"/>
  <testcase name="testCityWithoutSeeds[966]" classname="net.openhft.hashing.XxHashTest" time="0.0"/>
  <testcase name="testCityWithOneSeed[966]" classname="net.openhft.hashing.XxHashTest" time="0.0"/>
  <testcase name="testCityWithoutSeeds[967]" classname="net.openhft.hashing.XxHashTest" time="0.0"/>
  <testcase name="testCityWithOneSeed[967]" classname="net.openhft.hashing.XxHashTest" time="0.0"/>
  <testcase name="testCityWithoutSeeds[968]" classname="net.openhft.hashing.XxHashTest" time="0.0"/>
  <testcase name="testCityWithOneSeed[968]" classname="net.openhft.hashing.XxHashTest" time="0.0"/>
  <testcase name="testCityWithoutSeeds[969]" classname="net.openhft.hashing.XxHashTest" time="0.0"/>
  <testcase name="testCityWithOneSeed[969]" classname="net.openhft.hashing.XxHashTest" time="0.0"/>
  <testcase name="testCityWithoutSeeds[970]" classname="net.openhft.hashing.XxHashTest" time="0.0"/>
  <testcase name="testCityWithOneSeed[970]" classname="net.openhft.hashing.XxHashTest" time="0.0"/>
  <testcase name="testCityWithoutSeeds[971]" classname="net.openhft.hashing.XxHashTest" time="0.0"/>
  <testcase name="testCityWithOneSeed[971]" classname="net.openhft.hashing.XxHashTest" time="0.0"/>
  <testcase name="testCityWithoutSeeds[972]" classname="net.openhft.hashing.XxHashTest" time="0.0"/>
  <testcase name="testCityWithOneSeed[972]" classname="net.openhft.hashing.XxHashTest" time="0.0"/>
  <testcase name="testCityWithoutSeeds[973]" classname="net.openhft.hashing.XxHashTest" time="0.0"/>
  <testcase name="testCityWithOneSeed[973]" classname="net.openhft.hashing.XxHashTest" time="0.0"/>
  <testcase name="testCityWithoutSeeds[974]" classname="net.openhft.hashing.XxHashTest" time="0.0"/>
  <testcase name="testCityWithOneSeed[974]" classname="net.openhft.hashing.XxHashTest" time="0.0"/>
  <testcase name="testCityWithoutSeeds[975]" classname="net.openhft.hashing.XxHashTest" time="0.0"/>
  <testcase name="testCityWithOneSeed[975]" classname="net.openhft.hashing.XxHashTest" time="0.0"/>
  <testcase name="testCityWithoutSeeds[976]" classname="net.openhft.hashing.XxHashTest" time="0.0"/>
  <testcase name="testCityWithOneSeed[976]" classname="net.openhft.hashing.XxHashTest" time="0.0"/>
  <testcase name="testCityWithoutSeeds[977]" classname="net.openhft.hashing.XxHashTest" time="0.0"/>
  <testcase name="testCityWithOneSeed[977]" classname="net.openhft.hashing.XxHashTest" time="0.0"/>
  <testcase name="testCityWithoutSeeds[978]" classname="net.openhft.hashing.XxHashTest" time="0.0"/>
  <testcase name="testCityWithOneSeed[978]" classname="net.openhft.hashing.XxHashTest" time="0.0"/>
  <testcase name="testCityWithoutSeeds[979]" classname="net.openhft.hashing.XxHashTest" time="0.0"/>
  <testcase name="testCityWithOneSeed[979]" classname="net.openhft.hashing.XxHashTest" time="0.0"/>
  <testcase name="testCityWithoutSeeds[980]" classname="net.openhft.hashing.XxHashTest" time="0.001"/>
  <testcase name="testCityWithOneSeed[980]" classname="net.openhft.hashing.XxHashTest" time="0.0"/>
  <testcase name="testCityWithoutSeeds[981]" classname="net.openhft.hashing.XxHashTest" time="0.0"/>
  <testcase name="testCityWithOneSeed[981]" classname="net.openhft.hashing.XxHashTest" time="0.0"/>
  <testcase name="testCityWithoutSeeds[982]" classname="net.openhft.hashing.XxHashTest" time="0.0"/>
  <testcase name="testCityWithOneSeed[982]" classname="net.openhft.hashing.XxHashTest" time="0.0"/>
  <testcase name="testCityWithoutSeeds[983]" classname="net.openhft.hashing.XxHashTest" time="0.0"/>
  <testcase name="testCityWithOneSeed[983]" classname="net.openhft.hashing.XxHashTest" time="0.0"/>
  <testcase name="testCityWithoutSeeds[984]" classname="net.openhft.hashing.XxHashTest" time="0.0"/>
  <testcase name="testCityWithOneSeed[984]" classname="net.openhft.hashing.XxHashTest" time="0.0"/>
  <testcase name="testCityWithoutSeeds[985]" classname="net.openhft.hashing.XxHashTest" time="0.0"/>
  <testcase name="testCityWithOneSeed[985]" classname="net.openhft.hashing.XxHashTest" time="0.0"/>
  <testcase name="testCityWithoutSeeds[986]" classname="net.openhft.hashing.XxHashTest" time="0.0"/>
  <testcase name="testCityWithOneSeed[986]" classname="net.openhft.hashing.XxHashTest" time="0.0"/>
  <testcase name="testCityWithoutSeeds[987]" classname="net.openhft.hashing.XxHashTest" time="0.0"/>
  <testcase name="testCityWithOneSeed[987]" classname="net.openhft.hashing.XxHashTest" time="0.0"/>
  <testcase name="testCityWithoutSeeds[988]" classname="net.openhft.hashing.XxHashTest" time="0.0"/>
  <testcase name="testCityWithOneSeed[988]" classname="net.openhft.hashing.XxHashTest" time="0.0"/>
  <testcase name="testCityWithoutSeeds[989]" classname="net.openhft.hashing.XxHashTest" time="0.0"/>
  <testcase name="testCityWithOneSeed[989]" classname="net.openhft.hashing.XxHashTest" time="0.0"/>
  <testcase name="testCityWithoutSeeds[990]" classname="net.openhft.hashing.XxHashTest" time="0.0"/>
  <testcase name="testCityWithOneSeed[990]" classname="net.openhft.hashing.XxHashTest" time="0.0"/>
  <testcase name="testCityWithoutSeeds[991]" classname="net.openhft.hashing.XxHashTest" time="0.0"/>
  <testcase name="testCityWithOneSeed[991]" classname="net.openhft.hashing.XxHashTest" time="0.0"/>
  <testcase name="testCityWithoutSeeds[992]" classname="net.openhft.hashing.XxHashTest" time="0.0"/>
  <testcase name="testCityWithOneSeed[992]" classname="net.openhft.hashing.XxHashTest" time="0.0"/>
  <testcase name="testCityWithoutSeeds[993]" classname="net.openhft.hashing.XxHashTest" time="0.0"/>
  <testcase name="testCityWithOneSeed[993]" classname="net.openhft.hashing.XxHashTest" time="0.0"/>
  <testcase name="testCityWithoutSeeds[994]" classname="net.openhft.hashing.XxHashTest" time="0.0"/>
  <testcase name="testCityWithOneSeed[994]" classname="net.openhft.hashing.XxHashTest" time="0.0"/>
  <testcase name="testCityWithoutSeeds[995]" classname="net.openhft.hashing.XxHashTest" time="0.0"/>
  <testcase name="testCityWithOneSeed[995]" classname="net.openhft.hashing.XxHashTest" time="0.0"/>
  <testcase name="testCityWithoutSeeds[996]" classname="net.openhft.hashing.XxHashTest" time="0.0"/>
  <testcase name="testCityWithOneSeed[996]" classname="net.openhft.hashing.XxHashTest" time="0.0"/>
  <testcase name="testCityWithoutSeeds[997]" classname="net.openhft.hashing.XxHashTest" time="0.0"/>
  <testcase name="testCityWithOneSeed[997]" classname="net.openhft.hashing.XxHashTest" time="0.0"/>
  <testcase name="testCityWithoutSeeds[998]" classname="net.openhft.hashing.XxHashTest" time="0.0"/>
  <testcase name="testCityWithOneSeed[998]" classname="net.openhft.hashing.XxHashTest" time="0.001"/>
  <testcase name="testCityWithoutSeeds[999]" classname="net.openhft.hashing.XxHashTest" time="0.0"/>
  <testcase name="testCityWithOneSeed[999]" classname="net.openhft.hashing.XxHashTest" time="0.0"/>
  <testcase name="testCityWithoutSeeds[1000]" classname="net.openhft.hashing.XxHashTest" time="0.0"/>
  <testcase name="testCityWithOneSeed[1000]" classname="net.openhft.hashing.XxHashTest" time="0.0"/>
  <testcase name="testCityWithoutSeeds[1001]" classname="net.openhft.hashing.XxHashTest" time="0.0"/>
  <testcase name="testCityWithOneSeed[1001]" classname="net.openhft.hashing.XxHashTest" time="0.0"/>
  <testcase name="testCityWithoutSeeds[1002]" classname="net.openhft.hashing.XxHashTest" time="0.0"/>
  <testcase name="testCityWithOneSeed[1002]" classname="net.openhft.hashing.XxHashTest" time="0.0"/>
  <testcase name="testCityWithoutSeeds[1003]" classname="net.openhft.hashing.XxHashTest" time="0.0"/>
  <testcase name="testCityWithOneSeed[1003]" classname="net.openhft.hashing.XxHashTest" time="0.0"/>
  <testcase name="testCityWithoutSeeds[1004]" classname="net.openhft.hashing.XxHashTest" time="0.001"/>
  <testcase name="testCityWithOneSeed[1004]" classname="net.openhft.hashing.XxHashTest" time="0.0"/>
  <testcase name="testCityWithoutSeeds[1005]" classname="net.openhft.hashing.XxHashTest" time="0.0"/>
  <testcase name="testCityWithOneSeed[1005]" classname="net.openhft.hashing.XxHashTest" time="0.0"/>
  <testcase name="testCityWithoutSeeds[1006]" classname="net.openhft.hashing.XxHashTest" time="0.0"/>
  <testcase name="testCityWithOneSeed[1006]" classname="net.openhft.hashing.XxHashTest" time="0.0"/>
  <testcase name="testCityWithoutSeeds[1007]" classname="net.openhft.hashing.XxHashTest" time="0.0"/>
  <testcase name="testCityWithOneSeed[1007]" classname="net.openhft.hashing.XxHashTest" time="0.0"/>
  <testcase name="testCityWithoutSeeds[1008]" classname="net.openhft.hashing.XxHashTest" time="0.0"/>
  <testcase name="testCityWithOneSeed[1008]" classname="net.openhft.hashing.XxHashTest" time="0.0"/>
  <testcase name="testCityWithoutSeeds[1009]" classname="net.openhft.hashing.XxHashTest" time="0.0"/>
  <testcase name="testCityWithOneSeed[1009]" classname="net.openhft.hashing.XxHashTest" time="0.0"/>
  <testcase name="testCityWithoutSeeds[1010]" classname="net.openhft.hashing.XxHashTest" time="0.0"/>
  <testcase name="testCityWithOneSeed[1010]" classname="net.openhft.hashing.XxHashTest" time="0.001"/>
  <testcase name="testCityWithoutSeeds[1011]" classname="net.openhft.hashing.XxHashTest" time="0.0"/>
  <testcase name="testCityWithOneSeed[1011]" classname="net.openhft.hashing.XxHashTest" time="0.0"/>
  <testcase name="testCityWithoutSeeds[1012]" classname="net.openhft.hashing.XxHashTest" time="0.0"/>
  <testcase name="testCityWithOneSeed[1012]" classname="net.openhft.hashing.XxHashTest" time="0.0"/>
  <testcase name="testCityWithoutSeeds[1013]" classname="net.openhft.hashing.XxHashTest" time="0.0"/>
  <testcase name="testCityWithOneSeed[1013]" classname="net.openhft.hashing.XxHashTest" time="0.0"/>
  <testcase name="testCityWithoutSeeds[1014]" classname="net.openhft.hashing.XxHashTest" time="0.0"/>
  <testcase name="testCityWithOneSeed[1014]" classname="net.openhft.hashing.XxHashTest" time="0.0"/>
  <testcase name="testCityWithoutSeeds[1015]" classname="net.openhft.hashing.XxHashTest" time="0.0"/>
  <testcase name="testCityWithOneSeed[1015]" classname="net.openhft.hashing.XxHashTest" time="0.0"/>
  <testcase name="testCityWithoutSeeds[1016]" classname="net.openhft.hashing.XxHashTest" time="0.0"/>
  <testcase name="testCityWithOneSeed[1016]" classname="net.openhft.hashing.XxHashTest" time="0.0"/>
  <testcase name="testCityWithoutSeeds[1017]" classname="net.openhft.hashing.XxHashTest" time="0.0"/>
  <testcase name="testCityWithOneSeed[1017]" classname="net.openhft.hashing.XxHashTest" time="0.0"/>
  <testcase name="testCityWithoutSeeds[1018]" classname="net.openhft.hashing.XxHashTest" time="0.0"/>
  <testcase name="testCityWithOneSeed[1018]" classname="net.openhft.hashing.XxHashTest" time="0.0"/>
  <testcase name="testCityWithoutSeeds[1019]" classname="net.openhft.hashing.XxHashTest" time="0.0"/>
  <testcase name="testCityWithOneSeed[1019]" classname="net.openhft.hashing.XxHashTest" time="0.0"/>
  <testcase name="testCityWithoutSeeds[1020]" classname="net.openhft.hashing.XxHashTest" time="0.0"/>
  <testcase name="testCityWithOneSeed[1020]" classname="net.openhft.hashing.XxHashTest" time="0.0"/>
  <testcase name="testCityWithoutSeeds[1021]" classname="net.openhft.hashing.XxHashTest" time="0.0"/>
  <testcase name="testCityWithOneSeed[1021]" classname="net.openhft.hashing.XxHashTest" time="0.0"/>
  <testcase name="testCityWithoutSeeds[1022]" classname="net.openhft.hashing.XxHashTest" time="0.0"/>
  <testcase name="testCityWithOneSeed[1022]" classname="net.openhft.hashing.XxHashTest" time="0.0"/>
  <testcase name="testCityWithoutSeeds[1023]" classname="net.openhft.hashing.XxHashTest" time="0.001"/>
  <testcase name="testCityWithOneSeed[1023]" classname="net.openhft.hashing.XxHashTest" time="0.0"/>
  <testcase name="testCityWithoutSeeds[1024]" classname="net.openhft.hashing.XxHashTest" time="0.001"/>
  <testcase name="testCityWithOneSeed[1024]" classname="net.openhft.hashing.XxHashTest" time="0.0"/>
  <system-out><![CDATA[]]></system-out>
  <system-err><![CDATA[]]></system-err>
</testsuite>
